#
# A fatal error has been detected by the Java Runtime Environment:
#
#  SIGSEGV (0xb) at pc=0x00007fd68675ca85, pid=5246, tid=5261
#
# JRE version: OpenJDK Runtime Environment (11.0.11) (build 11.0.11+0-b60-7590822)
# Java VM: OpenJDK 64-Bit Server VM (11.0.11+0-b60-7590822, mixed mode, tiered, compressed oops, g1 gc, linux-amd64)
# Problematic frame:
# V  [libjvm.so+0xbf2a85]  PhaseIdealLoop::build_loop_late(VectorSet&, Node_List&, Node_Stack&)+0x75
#
# Core dump will be written. Default location: Core dumps may be processed with "/usr/share/apport/apport -p%p -s%s -c%c -d%d -P%P -u%u -g%g -- %E" (or dumping to /home/sarfu/TechnoSoft Project/relaxretail/android/core.5246)
#
# If you would like to submit a bug report, please visit:
#   https://bugreport.java.com/bugreport/crash.jsp
#

---------------  S U M M A R Y ------------

Command Line: --add-opens=java.base/java.util=ALL-UNNAMED --add-opens=java.base/java.lang=ALL-UNNAMED --add-opens=java.base/java.lang.invoke=ALL-UNNAMED --add-opens=java.base/java.util=ALL-UNNAMED --add-opens=java.prefs/java.util.prefs=ALL-UNNAMED --add-opens=java.prefs/java.util.prefs=ALL-UNNAMED --add-opens=java.base/java.nio.charset=ALL-UNNAMED --add-opens=java.base/java.net=ALL-UNNAMED --add-opens=java.base/java.util.concurrent.atomic=ALL-UNNAMED -Xmx1536M -Dfile.encoding=UTF-8 -Duser.country=IN -Duser.language=en -Duser.variant org.gradle.launcher.daemon.bootstrap.GradleDaemon 7.4

Host: AMD A4-6210 APU with AMD Radeon R3 Graphics, 4 cores, 3G, Ubuntu 20.04.5 LTS
Time: Sun Feb 26 13:54:18 2023 IST elapsed time: 25.808461 seconds (0d 0h 0m 25s)

---------------  T H R E A D  ---------------

Current thread (0x00007fd680120800):  JavaThread "C2 CompilerThread0" daemon [_thread_in_native, id=5261, stack(0x00007fd66c0ab000,0x00007fd66c1ac000)]


Current CompileTask:
C2:  25808 4705       4       java.lang.invoke.MethodType::makeImpl (108 bytes)

Stack: [0x00007fd66c0ab000,0x00007fd66c1ac000],  sp=0x00007fd66c1a6e20,  free space=1007k
Native frames: (J=compiled Java code, A=aot compiled Java code, j=interpreted, Vv=VM code, C=native code)
V  [libjvm.so+0xbf2a85]  PhaseIdealLoop::build_loop_late(VectorSet&, Node_List&, Node_Stack&)+0x75
V  [libjvm.so+0xbf18f6]  PhaseIdealLoop::build_and_optimize(LoopOptsMode)+0x8f6
V  [libjvm.so+0x827e1b]  Compile::optimize_loops(int&, PhaseIterGVN&, LoopOptsMode)+0x9b
V  [libjvm.so+0x8242d7]  Compile::Optimize()+0x10a7
V  [libjvm.so+0x821c59]  Compile::Compile(ciEnv*, C2Compiler*, ciMethod*, int, bool, bool, bool, DirectiveSet*)+0xf29
V  [libjvm.so+0x77e75a]  C2Compiler::compile_method(ciEnv*, ciMethod*, int, DirectiveSet*)+0xea
V  [libjvm.so+0x83362f]  CompileBroker::invoke_compiler_on_method(CompileTask*)+0x54f
V  [libjvm.so+0x832fbe]  CompileBroker::compiler_thread_loop()+0x3de
V  [libjvm.so+0xe692e8]  JavaThread::thread_main_inner()+0xc8
V  [libjvm.so+0xe66dc8]  Thread::call_run()+0x68
V  [libjvm.so+0xd166fe]  thread_native_entry(Thread*)+0x1be


siginfo: si_signo: 11 (SIGSEGV), si_code: 1 (SEGV_MAPERR), si_addr: 0x00007bd634b67138

Register to memory mapping:

RAX=0x00007bd634b67110 is an unknown value
RBX=0x00007fd66c1a7178 is pointing into the stack for thread: 0x00007fd680120800
RCX=0x00007fd634f748a0 points into unknown readable memory: 0x00007fd634b29988 | 88 99 b2 34 d6 7f 00 00
RDX=0x00007fd66c1a71d0 is pointing into the stack for thread: 0x00007fd680120800
RSP=0x00007fd66c1a6e20 is pointing into the stack for thread: 0x00007fd680120800
RBP=0x00007fd66c1a6e80 is pointing into the stack for thread: 0x00007fd680120800
RSI=0x0000000000000235 is an unknown value
RDI=
[error occurred during error reporting (printing register info), id 0xb, SIGSEGV (0xb) at pc=0x00007fd68648b0e5]

Registers:
RAX=0x00007bd634b67110, RBX=0x00007fd66c1a7178, RCX=0x00007fd634f748a0, RDX=0x00007fd66c1a71d0
RSP=0x00007fd66c1a6e20, RBP=0x00007fd66c1a6e80, RSI=0x0000000000000235, RDI=0x00000000f7fcffff
R8 =0x00007fd63429dc60, R9 =0x0000000000001434, R10=0x00007fd634c15cf8, R11=0x00007fd6380b8c38
R12=0x00007fd66c1a7250, R13=0x0000000000000056, R14=0x00007fd6500ef9c0, R15=0x00007fd66c1a7198
RIP=0x00007fd68675ca85, EFLAGS=0x0000000000010213, CSGSFS=0x002b000000000033, ERR=0x0000000000000004
  TRAPNO=0x000000000000000e

Top of Stack: (sp=0x00007fd66c1a6e20)
0x00007fd66c1a6e20:   0000000000020000 00007fd66c1a7c08
0x00007fd66c1a6e30:   00007fd66c1a7198 00007fd66c1a71d0
0x00007fd66c1a6e40:   00007fd66c1a7178 00007bd634b67110
0x00007fd66c1a6e50:   000000566c1a6e80 0000000000000001 

Instructions: (pc=0x00007fd68675ca85)
0x00007fd68675c985:   24 10 0f 82 33 fa ff ff 48 8b 18 8b 48 08 48 83
0x00007fd68675c995:   c0 f0 49 89 04 24 4c 8b 75 c0 e9 58 fa ff ff 48
0x00007fd68675c9a5:   83 c4 48 5b 41 5c 41 5d 41 5e 41 5f 5d c3 66 2e
0x00007fd68675c9b5:   0f 1f 84 00 00 00 00 00 0f 1f 00 55 48 89 e5 41
0x00007fd68675c9c5:   56 53 49 89 fe 48 8b 47 10 8b 98 a8 01 00 00 83
0x00007fd68675c9d5:   c3 01 39 9f e0 09 00 00 77 0e 49 8d be d8 09 00
0x00007fd68675c9e5:   00 89 de e8 e3 47 10 00 49 8b 86 e8 09 00 00 89
0x00007fd68675c9f5:   d9 48 c7 04 c8 00 00 00 00 5b 41 5e 5d c3 66 2e
0x00007fd68675ca05:   0f 1f 84 00 00 00 00 00 0f 1f 00 55 48 89 e5 41
0x00007fd68675ca15:   57 41 56 41 55 41 54 53 48 83 ec 38 8b 42 18 85
0x00007fd68675ca25:   c0 0f 84 67 02 00 00 48 89 cb 49 89 f7 49 89 fc
0x00007fd68675ca35:   48 8d 8f b8 09 00 00 48 89 4d a8 48 89 55 b8 48
0x00007fd68675ca45:   89 5d c0 48 89 75 b0 eb 25 66 90 49 8b 4f 18 8b
0x00007fd68675ca55:   14 81 89 d7 0f ab f7 89 3c 81 0f a3 f2 73 3a 48
0x00007fd68675ca65:   8b 55 b8 8b 42 18 85 c0 0f 84 20 02 00 00 48 8b
0x00007fd68675ca75:   4a 10 83 c0 ff 89 42 18 48 8b 04 c1 48 89 45 c8
0x00007fd68675ca85:   8b 70 28 48 89 f0 48 c1 e8 05 41 3b 47 10 72 bb
0x00007fd68675ca95:   49 8b 07 4c 89 ff ff 50 20 48 8b 45 c8 8b 40 20
0x00007fd68675caa5:   89 45 d4 31 c0 41 89 c5 44 3b 6d d4 72 57 e9 98
0x00007fd68675cab5:   01 00 00 0f 1f 84 00 00 00 00 00 48 8b 4d c8 48
0x00007fd68675cac5:   89 08 44 89 68 08 41 8b 46 20 89 45 d4 31 c0 4c
0x00007fd68675cad5:   89 75 c8 41 89 c5 44 3b 6d d4 72 29 e9 6a 01 00
0x00007fd68675cae5:   00 66 2e 0f 1f 84 00 00 00 00 00 49 8b 84 24 c8
0x00007fd68675caf5:   09 00 00 4c 89 34 d8 49 83 c5 01 44 3b 6d d4 0f
0x00007fd68675cb05:   83 46 01 00 00 48 8b 45 c8 48 8b 40 10 4e 8b 34
0x00007fd68675cb15:   e8 41 8b 76 28 41 39 74 24 28 76 0c 49 8b 44 24
0x00007fd68675cb25:   30 48 83 3c f0 00 75 33 49 83 7e 10 00 74 2c 41
0x00007fd68675cb35:   8b 84 24 c0 09 00 00 41 8b 9c 24 d0 09 00 00 8d
0x00007fd68675cb45:   4b 01 41 89 8c 24 d0 09 00 00 39 d8 77 9d 48 8b
0x00007fd68675cb55:   7d a8 89 de e8 72 46 10 00 eb 90 49 8b 46 08 48
0x00007fd68675cb65:   83 38 00 74 7c 49 8b 06 4c 89 f7 ff 50 10 84 c0
0x00007fd68675cb75:   75 0c 41 8b 46 2c 83 e0 0f 83 f8 0c 75 5f 41 8b 


Stack slot to memory mapping:
stack at sp + 0 slots: 0x0000000000020000 is an unknown value
stack at sp + 1 slots: 0x00007fd66c1a7c08 is pointing into the stack for thread: 0x00007fd680120800
stack at sp + 2 slots: 0x00007fd66c1a7198 is pointing into the stack for thread: 0x00007fd680120800
stack at sp + 3 slots: 0x00007fd66c1a71d0 is pointing into the stack for thread: 0x00007fd680120800
stack at sp + 4 slots: 0x00007fd66c1a7178 is pointing into the stack for thread: 0x00007fd680120800
stack at sp + 5 slots: 0x00007bd634b67110 is an unknown value
stack at sp + 6 slots: 0x000000566c1a6e80 is an unknown value
stack at sp + 7 slots: 0x0000000000000001 is an unknown value


---------------  P R O C E S S  ---------------

Threads class SMR info:
_java_thread_list=0x00007fd5fced9810, length=76, elements={
0x00007fd680016000, 0x00007fd680103000, 0x00007fd680107800, 0x00007fd68011c800,
0x00007fd68011e800, 0x00007fd680120800, 0x00007fd680122800, 0x00007fd680124800,
0x00007fd68019a000, 0x00007fd6813b7800, 0x00007fd681433000, 0x00007fd68146c800,
0x00007fd618016000, 0x00007fd610006000, 0x00007fd61000a000, 0x00007fd61000b800,
0x00007fd5fc007800, 0x00007fd5fc00b000, 0x00007fd5fc013800, 0x00007fd5fc18b000,
0x00007fd5fc193800, 0x00007fd5fc1ba800, 0x00007fd5fc777800, 0x00007fd5fc77c800,
0x00007fd5fc83d800, 0x00007fd5fc84a000, 0x00007fd5fc8a2800, 0x00007fd5fc8bd000,
0x00007fd5fc941800, 0x00007fd5fc568000, 0x00007fd5fc6af800, 0x00007fd5fc439800,
0x00007fd5fcb80800, 0x00007fd5fcb82800, 0x00007fd5fcc67000, 0x00007fd5fc548000,
0x00007fd5fce8a800, 0x00007fd5fce8d000, 0x00007fd5fce8f000, 0x00007fd5fce90800,
0x00007fd5fce92800, 0x00007fd5fce94000, 0x00007fd5fce96000, 0x00007fd5fce98000,
0x00007fd5fce99800, 0x00007fd5fce9b800, 0x00007fd5fce9e000, 0x00007fd5fcea0000,
0x00007fd5fcea2000, 0x00007fd5fcea4000, 0x00007fd5fcea6000, 0x00007fd5fcea8800,
0x00007fd5fceaa000, 0x00007fd5fceac000, 0x00007fd5fceae000, 0x00007fd5fceaf800,
0x00007fd5fceb1800, 0x00007fd5fceb3800, 0x00007fd5fceb5000, 0x00007fd5fceb7000,
0x00007fd5fceb9800, 0x00007fd5fcebb800, 0x00007fd5fcebd800, 0x00007fd5fcebf800,
0x00007fd5fcec1000, 0x00007fd5fcec3000, 0x00007fd5fcec5800, 0x00007fd5fcec7800,
0x00007fd5fcec9800, 0x00007fd5fcecb800, 0x00007fd5fcece000, 0x00007fd5fced0000,
0x00007fd5fced2000, 0x00007fd5fced4000, 0x00007fd5fced6000, 0x00007fd5fced8000
}

Java Threads: ( => current thread )
  0x00007fd680016000 JavaThread "main" [_thread_blocked, id=5247, stack(0x00007fd68591a000,0x00007fd685a1b000)]
  0x00007fd680103000 JavaThread "Reference Handler" daemon [_thread_blocked, id=5257, stack(0x00007fd66ca1f000,0x00007fd66cb20000)]
  0x00007fd680107800 JavaThread "Finalizer" daemon [_thread_blocked, id=5258, stack(0x00007fd66c91e000,0x00007fd66ca1f000)]
  0x00007fd68011c800 JavaThread "Signal Dispatcher" daemon [_thread_blocked, id=5259, stack(0x00007fd66c2ad000,0x00007fd66c3ae000)]
  0x00007fd68011e800 JavaThread "Service Thread" daemon [_thread_blocked, id=5260, stack(0x00007fd66c1ac000,0x00007fd66c2ad000)]
=>0x00007fd680120800 JavaThread "C2 CompilerThread0" daemon [_thread_in_native, id=5261, stack(0x00007fd66c0ab000,0x00007fd66c1ac000)]
  0x00007fd680122800 JavaThread "C1 CompilerThread0" daemon [_thread_blocked, id=5262, stack(0x00007fd664eff000,0x00007fd665000000)]
  0x00007fd680124800 JavaThread "Sweeper thread" daemon [_thread_blocked, id=5263, stack(0x00007fd664dfe000,0x00007fd664eff000)]
  0x00007fd68019a000 JavaThread "Common-Cleaner" daemon [_thread_blocked, id=5265, stack(0x00007fd664cfd000,0x00007fd664dfe000)]
  0x00007fd6813b7800 JavaThread "Daemon health stats" [_thread_blocked, id=5269, stack(0x00007fd65deff000,0x00007fd65e000000)]
  0x00007fd681433000 JavaThread "Incoming local TCP Connector on port 46015" [_thread_in_native, id=5272, stack(0x00007fd65d9fa000,0x00007fd65dafb000)]
  0x00007fd68146c800 JavaThread "Daemon periodic checks" [_thread_blocked, id=5273, stack(0x00007fd65d8f9000,0x00007fd65d9fa000)]
  0x00007fd618016000 JavaThread "Daemon" [_thread_blocked, id=5274, stack(0x00007fd65d5f8000,0x00007fd65d6f9000)]
  0x00007fd610006000 JavaThread "Handler for socket connection from /127.0.0.1:46015 to /127.0.0.1:53354" [_thread_in_native, id=5275, stack(0x00007fd65d4f7000,0x00007fd65d5f8000)]
  0x00007fd61000a000 JavaThread "Cancel handler" [_thread_blocked, id=5276, stack(0x00007fd65d3f6000,0x00007fd65d4f7000)]
  0x00007fd61000b800 JavaThread "Daemon worker" [_thread_blocked, id=5277, stack(0x00007fd65d2f5000,0x00007fd65d3f6000)]
  0x00007fd5fc007800 JavaThread "Asynchronous log dispatcher for DefaultDaemonConnection: socket connection from /127.0.0.1:46015 to /127.0.0.1:53354" [_thread_blocked, id=5280, stack(0x00007fd65d1f4000,0x00007fd65d2f5000)]
  0x00007fd5fc00b000 JavaThread "Stdin handler" [_thread_blocked, id=5281, stack(0x00007fd65d0f3000,0x00007fd65d1f4000)]
  0x00007fd5fc013800 JavaThread "Daemon client event forwarder" [_thread_blocked, id=5282, stack(0x00007fd65cff2000,0x00007fd65d0f3000)]
  0x00007fd5fc18b000 JavaThread "Cache worker for journal cache (/home/sarfu/.gradle/caches/journal-1)" [_thread_blocked, id=5284, stack(0x00007fd65ccf1000,0x00007fd65cdf2000)]
  0x00007fd5fc193800 JavaThread "File lock request listener" [_thread_in_native, id=5285, stack(0x00007fd65cbf0000,0x00007fd65ccf1000)]
  0x00007fd5fc1ba800 JavaThread "Cache worker for file hash cache (/home/sarfu/.gradle/caches/7.4/fileHashes)" [_thread_blocked, id=5287, stack(0x00007fd65caef000,0x00007fd65cbf0000)]
  0x00007fd5fc777800 JavaThread "File watcher server" daemon [_thread_in_native, id=5290, stack(0x00007fd65c5ee000,0x00007fd65c6ef000)]
  0x00007fd5fc77c800 JavaThread "File watcher consumer" daemon [_thread_blocked, id=5291, stack(0x00007fd65c4ed000,0x00007fd65c5ee000)]
  0x00007fd5fc83d800 JavaThread "Cache worker for checksums cache (/home/sarfu/TechnoSoft Project/relaxretail/android/.gradle/7.4/checksums)" [_thread_blocked, id=5292, stack(0x00007fd65c1ec000,0x00007fd65c2ed000)]
  0x00007fd5fc84a000 JavaThread "Cache worker for cache directory md-rule (/home/sarfu/.gradle/caches/7.4/md-rule)" [_thread_blocked, id=5294, stack(0x00007fd65c0eb000,0x00007fd65c1ec000)]
  0x00007fd5fc8a2800 JavaThread "Cache worker for file hash cache (/home/sarfu/TechnoSoft Project/relaxretail/android/.gradle/7.4/fileHashes)" [_thread_blocked, id=5295, stack(0x00007fd5ebcff000,0x00007fd5ebe00000)]
  0x00007fd5fc8bd000 JavaThread "Cache worker for cache directory md-supplier (/home/sarfu/.gradle/caches/7.4/md-supplier)" [_thread_blocked, id=5297, stack(0x00007fd5ebbfe000,0x00007fd5ebcff000)]
  0x00007fd5fc941800 JavaThread "Cache worker for execution history cache (/home/sarfu/.gradle/caches/7.4/executionHistory)" [_thread_blocked, id=5298, stack(0x00007fd5ebafd000,0x00007fd5ebbfe000)]
  0x00007fd5fc568000 JavaThread "jar transforms" [_thread_blocked, id=5299, stack(0x00007fd5eb1fc000,0x00007fd5eb2fd000)]
  0x00007fd5fc6af800 JavaThread "jar transforms Thread 2" [_thread_blocked, id=5301, stack(0x00007fd5eb0fb000,0x00007fd5eb1fc000)]
  0x00007fd5fc439800 JavaThread "Cache worker for file content cache (/home/sarfu/.gradle/caches/7.4/fileContent)" [_thread_blocked, id=5302, stack(0x00007fd5eaffa000,0x00007fd5eb0fb000)]
  0x00007fd5fcb80800 JavaThread "jar transforms Thread 3" [_thread_blocked, id=5303, stack(0x00007fd5eacf9000,0x00007fd5eadfa000)]
  0x00007fd5fcb82800 JavaThread "jar transforms Thread 4" [_thread_blocked, id=5304, stack(0x00007fd5eaa3b000,0x00007fd5eab3c000)]
  0x00007fd5fcc67000 JavaThread "Cache worker for dependencies-accessors (/home/sarfu/TechnoSoft Project/relaxretail/android/.gradle/7.4/dependencies-accessors)" [_thread_blocked, id=5305, stack(0x00007fd5eabf8000,0x00007fd5eacf9000)]
  0x00007fd5fc548000 JavaThread "Cache worker for Build Output Cleanup Cache (/home/sarfu/TechnoSoft Project/relaxretail/android/.gradle/buildOutputCleanup)" [_thread_blocked, id=5307, stack(0x00007fd5ea53a000,0x00007fd5ea63b000)]
  0x00007fd5fce8a800 JavaThread "Unconstrained build operations" [_thread_blocked, id=5309, stack(0x00007fd5ea239000,0x00007fd5ea33a000)]
  0x00007fd5fce8d000 JavaThread "Unconstrained build operations Thread 2" [_thread_blocked, id=5310, stack(0x00007fd5ea138000,0x00007fd5ea239000)]
  0x00007fd5fce8f000 JavaThread "Unconstrained build operations Thread 3" [_thread_blocked, id=5311, stack(0x00007fd5ea037000,0x00007fd5ea138000)]
  0x00007fd5fce90800 JavaThread "Unconstrained build operations Thread 4" [_thread_blocked, id=5312, stack(0x00007fd5e9f36000,0x00007fd5ea037000)]
  0x00007fd5fce92800 JavaThread "Unconstrained build operations Thread 5" [_thread_blocked, id=5313, stack(0x00007fd5e9e35000,0x00007fd5e9f36000)]
  0x00007fd5fce94000 JavaThread "Unconstrained build operations Thread 6" [_thread_in_vm, id=5314, stack(0x00007fd5e9d34000,0x00007fd5e9e35000)]
  0x00007fd5fce96000 JavaThread "Unconstrained build operations Thread 7" [_thread_blocked, id=5315, stack(0x00007fd5e9c33000,0x00007fd5e9d34000)]
  0x00007fd5fce98000 JavaThread "Unconstrained build operations Thread 8" [_thread_in_Java, id=5316, stack(0x00007fd5e9b32000,0x00007fd5e9c33000)]
  0x00007fd5fce99800 JavaThread "Unconstrained build operations Thread 9" [_thread_blocked, id=5317, stack(0x00007fd5e9a31000,0x00007fd5e9b32000)]
  0x00007fd5fce9b800 JavaThread "Unconstrained build operations Thread 10" [_thread_blocked, id=5318, stack(0x00007fd5e9930000,0x00007fd5e9a31000)]
  0x00007fd5fce9e000 JavaThread "Unconstrained build operations Thread 11" [_thread_blocked, id=5319, stack(0x00007fd5e982f000,0x00007fd5e9930000)]
  0x00007fd5fcea0000 JavaThread "Unconstrained build operations Thread 12" [_thread_blocked, id=5320, stack(0x00007fd5e972e000,0x00007fd5e982f000)]
  0x00007fd5fcea2000 JavaThread "Unconstrained build operations Thread 13" [_thread_blocked, id=5321, stack(0x00007fd5e962d000,0x00007fd5e972e000)]
  0x00007fd5fcea4000 JavaThread "Unconstrained build operations Thread 14" [_thread_blocked, id=5322, stack(0x00007fd5e952c000,0x00007fd5e962d000)]
  0x00007fd5fcea6000 JavaThread "Unconstrained build operations Thread 15" [_thread_blocked, id=5323, stack(0x00007fd5e942b000,0x00007fd5e952c000)]
  0x00007fd5fcea8800 JavaThread "Unconstrained build operations Thread 16" [_thread_blocked, id=5324, stack(0x00007fd5e932a000,0x00007fd5e942b000)]
  0x00007fd5fceaa000 JavaThread "Unconstrained build operations Thread 17" [_thread_blocked, id=5325, stack(0x00007fd5e9229000,0x00007fd5e932a000)]
  0x00007fd5fceac000 JavaThread "Unconstrained build operations Thread 18" [_thread_blocked, id=5326, stack(0x00007fd5e9128000,0x00007fd5e9229000)]
  0x00007fd5fceae000 JavaThread "Unconstrained build operations Thread 19" [_thread_blocked, id=5327, stack(0x00007fd5e9027000,0x00007fd5e9128000)]
  0x00007fd5fceaf800 JavaThread "Unconstrained build operations Thread 20" [_thread_blocked, id=5328, stack(0x00007fd5e8f26000,0x00007fd5e9027000)]
  0x00007fd5fceb1800 JavaThread "Unconstrained build operations Thread 21" [_thread_blocked, id=5329, stack(0x00007fd5e8e25000,0x00007fd5e8f26000)]
  0x00007fd5fceb3800 JavaThread "Unconstrained build operations Thread 22" [_thread_blocked, id=5330, stack(0x00007fd5e8d24000,0x00007fd5e8e25000)]
  0x00007fd5fceb5000 JavaThread "Unconstrained build operations Thread 23" [_thread_blocked, id=5331, stack(0x00007fd5e8c23000,0x00007fd5e8d24000)]
  0x00007fd5fceb7000 JavaThread "Unconstrained build operations Thread 24" [_thread_blocked, id=5332, stack(0x00007fd5e8b22000,0x00007fd5e8c23000)]
  0x00007fd5fceb9800 JavaThread "Unconstrained build operations Thread 25" [_thread_blocked, id=5333, stack(0x00007fd5e8a21000,0x00007fd5e8b22000)]
  0x00007fd5fcebb800 JavaThread "Unconstrained build operations Thread 26" [_thread_blocked, id=5334, stack(0x00007fd5e8920000,0x00007fd5e8a21000)]
  0x00007fd5fcebd800 JavaThread "Unconstrained build operations Thread 27" [_thread_blocked, id=5335, stack(0x00007fd5e881f000,0x00007fd5e8920000)]
  0x00007fd5fcebf800 JavaThread "Unconstrained build operations Thread 28" [_thread_blocked, id=5336, stack(0x00007fd5e871e000,0x00007fd5e881f000)]
  0x00007fd5fcec1000 JavaThread "Unconstrained build operations Thread 29" [_thread_blocked, id=5337, stack(0x00007fd5e861d000,0x00007fd5e871e000)]
  0x00007fd5fcec3000 JavaThread "Unconstrained build operations Thread 30" [_thread_blocked, id=5338, stack(0x00007fd5e851c000,0x00007fd5e861d000)]
  0x00007fd5fcec5800 JavaThread "Unconstrained build operations Thread 31" [_thread_blocked, id=5339, stack(0x00007fd5e841b000,0x00007fd5e851c000)]
  0x00007fd5fcec7800 JavaThread "Unconstrained build operations Thread 32" [_thread_blocked, id=5340, stack(0x00007fd5e831a000,0x00007fd5e841b000)]
  0x00007fd5fcec9800 JavaThread "Unconstrained build operations Thread 33" [_thread_blocked, id=5341, stack(0x00007fd5e8219000,0x00007fd5e831a000)]
  0x00007fd5fcecb800 JavaThread "Unconstrained build operations Thread 34" [_thread_blocked, id=5342, stack(0x00007fd5e8118000,0x00007fd5e8219000)]
  0x00007fd5fcece000 JavaThread "Unconstrained build operations Thread 35" [_thread_blocked, id=5343, stack(0x00007fd5e8017000,0x00007fd5e8118000)]
  0x00007fd5fced0000 JavaThread "Unconstrained build operations Thread 36" [_thread_blocked, id=5344, stack(0x00007fd5e7f16000,0x00007fd5e8017000)]
  0x00007fd5fced2000 JavaThread "Unconstrained build operations Thread 37" [_thread_blocked, id=5345, stack(0x00007fd5e7e15000,0x00007fd5e7f16000)]
  0x00007fd5fced4000 JavaThread "Unconstrained build operations Thread 38" [_thread_blocked, id=5346, stack(0x00007fd5e7d14000,0x00007fd5e7e15000)]
  0x00007fd5fced6000 JavaThread "Unconstrained build operations Thread 39" [_thread_blocked, id=5347, stack(0x00007fd5e7c13000,0x00007fd5e7d14000)]
  0x00007fd5fced8000 JavaThread "Unconstrained build operations Thread 40" [_thread_blocked, id=5348, stack(0x00007fd5e7b12000,0x00007fd5e7c13000)]

Other Threads:
  0x00007fd6800fa800 VMThread "VM Thread" [stack: 0x00007fd66cb22000,0x00007fd66cc22000] [id=5256]
  0x00007fd68019f800 WatcherThread [stack: 0x00007fd664bfd000,0x00007fd664cfd000] [id=5266]
  0x00007fd68002d800 GCTaskThread "GC Thread#0" [stack: 0x00007fd68558a000,0x00007fd68568a000] [id=5248]
  0x00007fd650001000 GCTaskThread "GC Thread#1" [stack: 0x00007fd664afb000,0x00007fd664bfb000] [id=5267]
  0x00007fd650004000 GCTaskThread "GC Thread#2" [stack: 0x00007fd65dbff000,0x00007fd65dcff000] [id=5270]
  0x00007fd650005800 GCTaskThread "GC Thread#3" [stack: 0x00007fd65dafd000,0x00007fd65dbfd000] [id=5271]
  0x00007fd680055000 ConcurrentGCThread "G1 Main Marker" [stack: 0x00007fd684750000,0x00007fd684850000] [id=5250]
  0x00007fd680057000 ConcurrentGCThread "G1 Conc#0" [stack: 0x00007fd68464e000,0x00007fd68474e000] [id=5251]
  0x00007fd680095000 ConcurrentGCThread "G1 Refine#0" [stack: 0x00007fd684148000,0x00007fd684248000] [id=5252]
  0x00007fd680097000 ConcurrentGCThread "G1 Young RemSet Sampling" [stack: 0x00007fd684046000,0x00007fd684146000] [id=5253]

Threads with active compile tasks:
C2 CompilerThread0  25841 4705       4       java.lang.invoke.MethodType::makeImpl (108 bytes)
C1 CompilerThread0  25841 4743       3       org.gradle.util.internal.GUtil::isTrue (56 bytes)

VM state:not at safepoint (normal execution)

VM Mutex/Monitor currently owned by a thread: None

Heap address: 0x00000000a0000000, size: 1536 MB, Compressed Oops mode: 32-bit
Narrow klass base: 0x0000000000000000, Narrow klass shift: 3
Compressed class space size: 1073741824 Address: 0x0000000100000000

Heap:
 garbage-first heap   total 96256K, used 41854K [0x00000000a0000000, 0x0000000100000000)
  region size 1024K, 15 young (15360K), 5 survivors (5120K)
 Metaspace       used 48026K, capacity 49289K, committed 49532K, reserved 1091584K
  class space    used 6120K, capacity 6572K, committed 6656K, reserved 1048576K
Heap Regions: E=young(eden), S=young(survivor), O=old, HS=humongous(starts), HC=humongous(continues), CS=collection set, F=free, A=archive, TAMS=top-at-mark-start (previous, next)
|   0|0x00000000a0000000, 0x00000000a0100000, 0x00000000a0100000|100%|HS|  |TAMS 0x00000000a0100000, 0x00000000a0000000| Complete 
|   1|0x00000000a0100000, 0x00000000a0200000, 0x00000000a0200000|100%|HC|  |TAMS 0x00000000a0200000, 0x00000000a0100000| Complete 
|   2|0x00000000a0200000, 0x00000000a0300000, 0x00000000a0300000|100%|HC|  |TAMS 0x00000000a0300000, 0x00000000a0200000| Complete 
|   3|0x00000000a0300000, 0x00000000a0400000, 0x00000000a0400000|100%| O|  |TAMS 0x00000000a0400000, 0x00000000a0300000| Untracked 
|   4|0x00000000a0400000, 0x00000000a0500000, 0x00000000a0500000|100%| O|  |TAMS 0x00000000a0500000, 0x00000000a0400000| Untracked 
|   5|0x00000000a0500000, 0x00000000a0600000, 0x00000000a0600000|100%| O|  |TAMS 0x00000000a0600000, 0x00000000a0500000| Untracked 
|   6|0x00000000a0600000, 0x00000000a0700000, 0x00000000a0700000|100%| O|  |TAMS 0x00000000a0700000, 0x00000000a0600000| Untracked 
|   7|0x00000000a0700000, 0x00000000a0800000, 0x00000000a0800000|100%| O|  |TAMS 0x00000000a0800000, 0x00000000a0700000| Untracked 
|   8|0x00000000a0800000, 0x00000000a0900000, 0x00000000a0900000|100%| O|  |TAMS 0x00000000a0900000, 0x00000000a0800000| Untracked 
|   9|0x00000000a0900000, 0x00000000a0a00000, 0x00000000a0a00000|100%| O|  |TAMS 0x00000000a0a00000, 0x00000000a0900000| Untracked 
|  10|0x00000000a0a00000, 0x00000000a0b00000, 0x00000000a0b00000|100%| O|  |TAMS 0x00000000a0b00000, 0x00000000a0a00000| Untracked 
|  11|0x00000000a0b00000, 0x00000000a0c00000, 0x00000000a0c00000|100%| O|  |TAMS 0x00000000a0c00000, 0x00000000a0b00000| Untracked 
|  12|0x00000000a0c00000, 0x00000000a0d00000, 0x00000000a0d00000|100%| O|  |TAMS 0x00000000a0d00000, 0x00000000a0c00000| Untracked 
|  13|0x00000000a0d00000, 0x00000000a0e00000, 0x00000000a0e00000|100%| O|  |TAMS 0x00000000a0e00000, 0x00000000a0d00000| Untracked 
|  14|0x00000000a0e00000, 0x00000000a0f00000, 0x00000000a0f00000|100%| O|  |TAMS 0x00000000a0f00000, 0x00000000a0e00000| Untracked 
|  15|0x00000000a0f00000, 0x00000000a1000000, 0x00000000a1000000|100%| O|  |TAMS 0x00000000a1000000, 0x00000000a0f00000| Untracked 
|  16|0x00000000a1000000, 0x00000000a1100000, 0x00000000a1100000|100%| O|  |TAMS 0x00000000a1100000, 0x00000000a1000000| Untracked 
|  17|0x00000000a1100000, 0x00000000a1200000, 0x00000000a1200000|100%| O|  |TAMS 0x00000000a1200000, 0x00000000a1100000| Untracked 
|  18|0x00000000a1200000, 0x00000000a1300000, 0x00000000a1300000|100%| O|  |TAMS 0x00000000a12f1600, 0x00000000a1200000| Untracked 
|  19|0x00000000a1300000, 0x00000000a1400000, 0x00000000a1400000|100%| O|  |TAMS 0x00000000a1300000, 0x00000000a1300000| Untracked 
|  20|0x00000000a1400000, 0x00000000a1500000, 0x00000000a1500000|100%| O|  |TAMS 0x00000000a1400000, 0x00000000a1400000| Untracked 
|  21|0x00000000a1500000, 0x00000000a1600000, 0x00000000a1600000|100%| O|  |TAMS 0x00000000a1500000, 0x00000000a1500000| Untracked 
|  22|0x00000000a1600000, 0x00000000a1700000, 0x00000000a1700000|100%| O|  |TAMS 0x00000000a1600000, 0x00000000a1600000| Untracked 
|  23|0x00000000a1700000, 0x00000000a17fbe00, 0x00000000a1800000| 98%| O|  |TAMS 0x00000000a1700000, 0x00000000a1700000| Untracked 
|  24|0x00000000a1800000, 0x00000000a1900000, 0x00000000a1900000|100%| O|  |TAMS 0x00000000a1800000, 0x00000000a1800000| Untracked 
|  25|0x00000000a1900000, 0x00000000a1a00000, 0x00000000a1a00000|100%| O|  |TAMS 0x00000000a1900000, 0x00000000a1900000| Untracked 
|  26|0x00000000a1a00000, 0x00000000a1b00000, 0x00000000a1b00000|100%| O|  |TAMS 0x00000000a1a00000, 0x00000000a1a00000| Untracked 
|  27|0x00000000a1b00000, 0x00000000a1c00000, 0x00000000a1c00000|100%| O|  |TAMS 0x00000000a1b00000, 0x00000000a1b00000| Untracked 
|  28|0x00000000a1c00000, 0x00000000a1c00000, 0x00000000a1d00000|  0%| F|  |TAMS 0x00000000a1c00000, 0x00000000a1c00000| Untracked 
|  29|0x00000000a1d00000, 0x00000000a1d00000, 0x00000000a1e00000|  0%| F|  |TAMS 0x00000000a1d00000, 0x00000000a1d00000| Untracked 
|  30|0x00000000a1e00000, 0x00000000a1e00000, 0x00000000a1f00000|  0%| F|  |TAMS 0x00000000a1e00000, 0x00000000a1e00000| Untracked 
|  31|0x00000000a1f00000, 0x00000000a1f00000, 0x00000000a2000000|  0%| F|  |TAMS 0x00000000a1f00000, 0x00000000a1f00000| Untracked 
|  32|0x00000000a2000000, 0x00000000a2000000, 0x00000000a2100000|  0%| F|  |TAMS 0x00000000a2000000, 0x00000000a2000000| Untracked 
|  33|0x00000000a2100000, 0x00000000a2100000, 0x00000000a2200000|  0%| F|  |TAMS 0x00000000a2100000, 0x00000000a2100000| Untracked 
|  34|0x00000000a2200000, 0x00000000a2200000, 0x00000000a2300000|  0%| F|  |TAMS 0x00000000a2200000, 0x00000000a2200000| Untracked 
|  35|0x00000000a2300000, 0x00000000a2300000, 0x00000000a2400000|  0%| F|  |TAMS 0x00000000a2300000, 0x00000000a2300000| Untracked 
|  36|0x00000000a2400000, 0x00000000a2400000, 0x00000000a2500000|  0%| F|  |TAMS 0x00000000a2400000, 0x00000000a2400000| Untracked 
|  37|0x00000000a2500000, 0x00000000a2500000, 0x00000000a2600000|  0%| F|  |TAMS 0x00000000a2500000, 0x00000000a2500000| Untracked 
|  38|0x00000000a2600000, 0x00000000a2600000, 0x00000000a2700000|  0%| F|  |TAMS 0x00000000a2600000, 0x00000000a2600000| Untracked 
|  39|0x00000000a2700000, 0x00000000a2700000, 0x00000000a2800000|  0%| F|  |TAMS 0x00000000a2700000, 0x00000000a2700000| Untracked 
|  40|0x00000000a2800000, 0x00000000a2800000, 0x00000000a2900000|  0%| F|  |TAMS 0x00000000a2800000, 0x00000000a2800000| Untracked 
|  41|0x00000000a2900000, 0x00000000a2900000, 0x00000000a2a00000|  0%| F|  |TAMS 0x00000000a2900000, 0x00000000a2900000| Untracked 
|  42|0x00000000a2a00000, 0x00000000a2a00000, 0x00000000a2b00000|  0%| F|  |TAMS 0x00000000a2a00000, 0x00000000a2a00000| Untracked 
|  43|0x00000000a2b00000, 0x00000000a2b00000, 0x00000000a2c00000|  0%| F|  |TAMS 0x00000000a2b00000, 0x00000000a2b00000| Untracked 
|  44|0x00000000a2c00000, 0x00000000a2c00000, 0x00000000a2d00000|  0%| F|  |TAMS 0x00000000a2c00000, 0x00000000a2c00000| Untracked 
|  45|0x00000000a2d00000, 0x00000000a2d00000, 0x00000000a2e00000|  0%| F|  |TAMS 0x00000000a2d00000, 0x00000000a2d00000| Untracked 
|  46|0x00000000a2e00000, 0x00000000a2e00000, 0x00000000a2f00000|  0%| F|  |TAMS 0x00000000a2e00000, 0x00000000a2e00000| Untracked 
|  47|0x00000000a2f00000, 0x00000000a2fe3cb0, 0x00000000a3000000| 88%| S|CS|TAMS 0x00000000a2f00000, 0x00000000a2f00000| Complete 
|  48|0x00000000a3000000, 0x00000000a3100000, 0x00000000a3100000|100%| S|CS|TAMS 0x00000000a3000000, 0x00000000a3000000| Complete 
|  49|0x00000000a3100000, 0x00000000a3200000, 0x00000000a3200000|100%| S|CS|TAMS 0x00000000a3100000, 0x00000000a3100000| Complete 
|  50|0x00000000a3200000, 0x00000000a3300000, 0x00000000a3300000|100%| S|CS|TAMS 0x00000000a3200000, 0x00000000a3200000| Complete 
|  51|0x00000000a3300000, 0x00000000a3400000, 0x00000000a3400000|100%| S|CS|TAMS 0x00000000a3300000, 0x00000000a3300000| Complete 
|  52|0x00000000a3400000, 0x00000000a3400000, 0x00000000a3500000|  0%| F|  |TAMS 0x00000000a3400000, 0x00000000a3400000| Untracked 
|  53|0x00000000a3500000, 0x00000000a3500000, 0x00000000a3600000|  0%| F|  |TAMS 0x00000000a3500000, 0x00000000a3500000| Untracked 
|  54|0x00000000a3600000, 0x00000000a3600000, 0x00000000a3700000|  0%| F|  |TAMS 0x00000000a3600000, 0x00000000a3600000| Untracked 
|  55|0x00000000a3700000, 0x00000000a3700000, 0x00000000a3800000|  0%| F|  |TAMS 0x00000000a3700000, 0x00000000a3700000| Untracked 
|  56|0x00000000a3800000, 0x00000000a3800000, 0x00000000a3900000|  0%| F|  |TAMS 0x00000000a3800000, 0x00000000a3800000| Untracked 
|  57|0x00000000a3900000, 0x00000000a3900000, 0x00000000a3a00000|  0%| F|  |TAMS 0x00000000a3900000, 0x00000000a3900000| Untracked 
|  58|0x00000000a3a00000, 0x00000000a3a00000, 0x00000000a3b00000|  0%| F|  |TAMS 0x00000000a3a00000, 0x00000000a3a00000| Untracked 
|  59|0x00000000a3b00000, 0x00000000a3b00000, 0x00000000a3c00000|  0%| F|  |TAMS 0x00000000a3b00000, 0x00000000a3b00000| Untracked 
|  60|0x00000000a3c00000, 0x00000000a3c00000, 0x00000000a3d00000|  0%| F|  |TAMS 0x00000000a3c00000, 0x00000000a3c00000| Untracked 
|  61|0x00000000a3d00000, 0x00000000a3d00000, 0x00000000a3e00000|  0%| F|  |TAMS 0x00000000a3d00000, 0x00000000a3d00000| Untracked 
|  62|0x00000000a3e00000, 0x00000000a3e00000, 0x00000000a3f00000|  0%| F|  |TAMS 0x00000000a3e00000, 0x00000000a3e00000| Untracked 
|  63|0x00000000a3f00000, 0x00000000a3f00000, 0x00000000a4000000|  0%| F|  |TAMS 0x00000000a3f00000, 0x00000000a3f00000| Untracked 
|  64|0x00000000a4000000, 0x00000000a4000000, 0x00000000a4100000|  0%| F|  |TAMS 0x00000000a4000000, 0x00000000a4000000| Untracked 
|  65|0x00000000a4100000, 0x00000000a4100000, 0x00000000a4200000|  0%| F|  |TAMS 0x00000000a4100000, 0x00000000a4100000| Untracked 
|  66|0x00000000a4200000, 0x00000000a4200000, 0x00000000a4300000|  0%| F|  |TAMS 0x00000000a4200000, 0x00000000a4200000| Untracked 
|  67|0x00000000a4300000, 0x00000000a4300000, 0x00000000a4400000|  0%| F|  |TAMS 0x00000000a4300000, 0x00000000a4300000| Untracked 
|  68|0x00000000a4400000, 0x00000000a4400000, 0x00000000a4500000|  0%| F|  |TAMS 0x00000000a4400000, 0x00000000a4400000| Untracked 
|  69|0x00000000a4500000, 0x00000000a4500000, 0x00000000a4600000|  0%| F|  |TAMS 0x00000000a4500000, 0x00000000a4500000| Untracked 
|  70|0x00000000a4600000, 0x00000000a4600000, 0x00000000a4700000|  0%| F|  |TAMS 0x00000000a4600000, 0x00000000a4600000| Untracked 
|  71|0x00000000a4700000, 0x00000000a4700000, 0x00000000a4800000|  0%| F|  |TAMS 0x00000000a4700000, 0x00000000a4700000| Untracked 
|  72|0x00000000a4800000, 0x00000000a4800000, 0x00000000a4900000|  0%| F|  |TAMS 0x00000000a4800000, 0x00000000a4800000| Untracked 
|  73|0x00000000a4900000, 0x00000000a4900000, 0x00000000a4a00000|  0%| F|  |TAMS 0x00000000a4900000, 0x00000000a4900000| Untracked 
|  74|0x00000000a4a00000, 0x00000000a4a00000, 0x00000000a4b00000|  0%| F|  |TAMS 0x00000000a4a00000, 0x00000000a4a00000| Untracked 
|  75|0x00000000a4b00000, 0x00000000a4b00000, 0x00000000a4c00000|  0%| F|  |TAMS 0x00000000a4b00000, 0x00000000a4b00000| Untracked 
|  76|0x00000000a4c00000, 0x00000000a4c00000, 0x00000000a4d00000|  0%| F|  |TAMS 0x00000000a4c00000, 0x00000000a4c00000| Untracked 
|  77|0x00000000a4d00000, 0x00000000a4d00000, 0x00000000a4e00000|  0%| F|  |TAMS 0x00000000a4d00000, 0x00000000a4d00000| Untracked 
|  78|0x00000000a4e00000, 0x00000000a4e00000, 0x00000000a4f00000|  0%| F|  |TAMS 0x00000000a4e00000, 0x00000000a4e00000| Untracked 
|  79|0x00000000a4f00000, 0x00000000a4f00000, 0x00000000a5000000|  0%| F|  |TAMS 0x00000000a4f00000, 0x00000000a4f00000| Untracked 
|  80|0x00000000a5000000, 0x00000000a5000000, 0x00000000a5100000|  0%| F|  |TAMS 0x00000000a5000000, 0x00000000a5000000| Untracked 
|  81|0x00000000a5100000, 0x00000000a5100000, 0x00000000a5200000|  0%| F|  |TAMS 0x00000000a5100000, 0x00000000a5100000| Untracked 
|  82|0x00000000a5200000, 0x00000000a5200000, 0x00000000a5300000|  0%| F|  |TAMS 0x00000000a5200000, 0x00000000a5200000| Untracked 
|  83|0x00000000a5300000, 0x00000000a5300000, 0x00000000a5400000|  0%| F|  |TAMS 0x00000000a5300000, 0x00000000a5300000| Untracked 
|  84|0x00000000a5400000, 0x00000000a541fda8, 0x00000000a5500000| 12%| E|  |TAMS 0x00000000a5400000, 0x00000000a5400000| Complete 
|  85|0x00000000a5500000, 0x00000000a5600000, 0x00000000a5600000|100%| E|  |TAMS 0x00000000a5500000, 0x00000000a5500000| Complete 
|  86|0x00000000a5600000, 0x00000000a5700000, 0x00000000a5700000|100%| E|CS|TAMS 0x00000000a5600000, 0x00000000a5600000| Complete 
|  87|0x00000000a5700000, 0x00000000a5800000, 0x00000000a5800000|100%| E|CS|TAMS 0x00000000a5700000, 0x00000000a5700000| Complete 
|  88|0x00000000a5800000, 0x00000000a5900000, 0x00000000a5900000|100%| E|CS|TAMS 0x00000000a5800000, 0x00000000a5800000| Complete 
|  89|0x00000000a5900000, 0x00000000a5a00000, 0x00000000a5a00000|100%| E|CS|TAMS 0x00000000a5900000, 0x00000000a5900000| Complete 
|  90|0x00000000a5a00000, 0x00000000a5b00000, 0x00000000a5b00000|100%| E|CS|TAMS 0x00000000a5a00000, 0x00000000a5a00000| Complete 
|  91|0x00000000a5b00000, 0x00000000a5c00000, 0x00000000a5c00000|100%| E|CS|TAMS 0x00000000a5b00000, 0x00000000a5b00000| Complete 
|  92|0x00000000a5c00000, 0x00000000a5d00000, 0x00000000a5d00000|100%| E|CS|TAMS 0x00000000a5c00000, 0x00000000a5c00000| Complete 
|  93|0x00000000a5d00000, 0x00000000a5e00000, 0x00000000a5e00000|100%| E|CS|TAMS 0x00000000a5d00000, 0x00000000a5d00000| Complete 

Card table byte_map: [0x00007fd684b84000,0x00007fd684e84000] _byte_map_base: 0x00007fd684684000

Marking Bits (Prev, Next): (CMBitMap*) 0x00007fd68004e4d8, (CMBitMap*) 0x00007fd68004e510
 Prev Bits: [0x00007fd666800000, 0x00007fd668000000)
 Next Bits: [0x00007fd665000000, 0x00007fd666800000)

Polling page: 0x00007fd6858b1000

Metaspace:

Usage:
  Non-class:     41.72 MB capacity,    40.92 MB ( 98%) used,   685.88 KB (  2%) free+waste,   124.69 KB ( <1%) overhead. 
      Class:      6.42 MB capacity,     5.98 MB ( 93%) used,   392.73 KB (  6%) free+waste,    58.88 KB ( <1%) overhead. 
       Both:     48.13 MB capacity,    46.90 MB ( 97%) used,     1.05 MB (  2%) free+waste,   183.56 KB ( <1%) overhead. 

Virtual space:
  Non-class space:       42.00 MB reserved,      41.87 MB (>99%) committed 
      Class space:        1.00 GB reserved,       6.50 MB ( <1%) committed 
             Both:        1.04 GB reserved,      48.37 MB (  5%) committed 

Chunk freelists:
   Non-Class:  55.00 KB
       Class:  0 bytes
        Both:  55.00 KB

MaxMetaspaceSize: unlimited
CompressedClassSpaceSize: 1.00 GB

CodeHeap 'non-profiled nmethods': size=120032Kb used=2008Kb max_used=2008Kb free=118023Kb
 bounds [0x00007fd674fee000, 0x00007fd67525e000, 0x00007fd67c526000]
CodeHeap 'profiled nmethods': size=120032Kb used=8982Kb max_used=8982Kb free=111049Kb
 bounds [0x00007fd66dab6000, 0x00007fd66e386000, 0x00007fd674fee000]
CodeHeap 'non-nmethods': size=5696Kb used=2181Kb max_used=2220Kb free=3515Kb
 bounds [0x00007fd66d526000, 0x00007fd66d796000, 0x00007fd66dab6000]
 total_blobs=5434 nmethods=4655 adapters=691
 compilation: enabled
              stopped_count=0, restarted_count=0
 full_count=0

Compilation events (20 events):
Event: 25.517 Thread 0x00007fd680122800 4716       3       java.util.concurrent.atomic.AtomicReferenceArray::<init> (13 bytes)
Event: 25.517 Thread 0x00007fd680122800 nmethod 4716 0x00007fd66e372290 code [0x00007fd66e372440, 0x00007fd66e372690]
Event: 25.517 Thread 0x00007fd680122800 4718       1       com.google.common.cache.LocalCache$StrongEntry::getNext (5 bytes)
Event: 25.520 Thread 0x00007fd680122800 nmethod 4718 0x00007fd6751e2310 code [0x00007fd6751e24c0, 0x00007fd6751e2570]
Event: 25.520 Thread 0x00007fd680122800 4719       3       java.util.concurrent.ThreadPoolExecutor::workerCountOf (5 bytes)
Event: 25.520 Thread 0x00007fd680122800 nmethod 4719 0x00007fd66e372790 code [0x00007fd66e372940, 0x00007fd66e372a10]
Event: 25.520 Thread 0x00007fd680122800 4720       3       java.util.concurrent.ThreadPoolExecutor::isRunning (10 bytes)
Event: 25.520 Thread 0x00007fd680122800 nmethod 4720 0x00007fd66e372a90 code [0x00007fd66e372c40, 0x00007fd66e372d70]
Event: 25.520 Thread 0x00007fd680122800 4721       1       org.gradle.api.internal.artifacts.ivyservice.ResolvedFilesCollectingVisitor::requireArtifactFiles (2 bytes)
Event: 25.521 Thread 0x00007fd680122800 nmethod 4721 0x00007fd6751e2610 code [0x00007fd6751e27c0, 0x00007fd6751e2870]
Event: 25.636 Thread 0x00007fd680122800 4724  s    2       java.io.BufferedInputStream::read (113 bytes)
Event: 25.637 Thread 0x00007fd680122800 nmethod 4724 0x00007fd66e372e10 code [0x00007fd66e373020, 0x00007fd66e373690]
Event: 25.670 Thread 0x00007fd680122800 4725   !   3       java.util.concurrent.ConcurrentHashMap::putVal (432 bytes)
Event: 25.680 Thread 0x00007fd680122800 nmethod 4725 0x00007fd66e373890 code [0x00007fd66e373c20, 0x00007fd66e375d90]
Event: 25.688 Thread 0x00007fd680122800 4726       3       java.util.ArrayList::clear (43 bytes)
Event: 25.689 Thread 0x00007fd680122800 nmethod 4726 0x00007fd66e376810 code [0x00007fd66e3769e0, 0x00007fd66e376d30]
Event: 25.702 Thread 0x00007fd680122800 4728       1       org.gradle.internal.operations.BuildOperationDescriptor::getParentId (5 bytes)
Event: 25.702 Thread 0x00007fd680122800 nmethod 4728 0x00007fd6751e2910 code [0x00007fd6751e2ac0, 0x00007fd6751e2b70]
Event: 25.704 Thread 0x00007fd680122800 4729       1       org.gradle.internal.component.external.model.DefaultModuleComponentArtifactIdentifier::getComponentIdentifier (5 bytes)
Event: 25.704 Thread 0x00007fd680122800 nmethod 4729 0x00007fd6751e2c10 code [0x00007fd6751e2dc0, 0x00007fd6751e2e70]

GC Heap History (20 events):
Event: 10.149 GC heap before
{Heap before GC invocations=7 (full 0):
 garbage-first heap   total 66560K, used 44030K [0x00000000a0000000, 0x0000000100000000)
  region size 1024K, 28 young (28672K), 2 survivors (2048K)
 Metaspace       used 23074K, capacity 23618K, committed 23856K, reserved 1071104K
  class space    used 2927K, capacity 3110K, committed 3200K, reserved 1048576K
}
Event: 10.170 GC heap after
{Heap after GC invocations=8 (full 0):
 garbage-first heap   total 66560K, used 18416K [0x00000000a0000000, 0x0000000100000000)
  region size 1024K, 3 young (3072K), 3 survivors (3072K)
 Metaspace       used 23074K, capacity 23618K, committed 23856K, reserved 1071104K
  class space    used 2927K, capacity 3110K, committed 3200K, reserved 1048576K
}
Event: 11.359 GC heap before
{Heap before GC invocations=8 (full 0):
 garbage-first heap   total 66560K, used 45040K [0x00000000a0000000, 0x0000000100000000)
  region size 1024K, 29 young (29696K), 3 survivors (3072K)
 Metaspace       used 26104K, capacity 26671K, committed 26928K, reserved 1073152K
  class space    used 3394K, capacity 3601K, committed 3712K, reserved 1048576K
}
Event: 11.372 GC heap after
{Heap after GC invocations=9 (full 0):
 garbage-first heap   total 66560K, used 19376K [0x00000000a0000000, 0x0000000100000000)
  region size 1024K, 3 young (3072K), 3 survivors (3072K)
 Metaspace       used 26104K, capacity 26671K, committed 26928K, reserved 1073152K
  class space    used 3394K, capacity 3601K, committed 3712K, reserved 1048576K
}
Event: 12.408 GC heap before
{Heap before GC invocations=9 (full 0):
 garbage-first heap   total 66560K, used 46000K [0x00000000a0000000, 0x0000000100000000)
  region size 1024K, 29 young (29696K), 3 survivors (3072K)
 Metaspace       used 28199K, capacity 28813K, committed 28976K, reserved 1075200K
  class space    used 3713K, capacity 3956K, committed 3968K, reserved 1048576K
}
Event: 12.422 GC heap after
{Heap after GC invocations=10 (full 0):
 garbage-first heap   total 66560K, used 20233K [0x00000000a0000000, 0x0000000100000000)
  region size 1024K, 3 young (3072K), 3 survivors (3072K)
 Metaspace       used 28199K, capacity 28813K, committed 28976K, reserved 1075200K
  class space    used 3713K, capacity 3956K, committed 3968K, reserved 1048576K
}
Event: 13.756 GC heap before
{Heap before GC invocations=10 (full 0):
 garbage-first heap   total 66560K, used 45833K [0x00000000a0000000, 0x0000000100000000)
  region size 1024K, 29 young (29696K), 3 survivors (3072K)
 Metaspace       used 31625K, capacity 32332K, committed 32560K, reserved 1077248K
  class space    used 4199K, capacity 4469K, committed 4480K, reserved 1048576K
}
Event: 13.778 GC heap after
{Heap after GC invocations=11 (full 0):
 garbage-first heap   total 79872K, used 21470K [0x00000000a0000000, 0x0000000100000000)
  region size 1024K, 4 young (4096K), 4 survivors (4096K)
 Metaspace       used 31625K, capacity 32332K, committed 32560K, reserved 1077248K
  class space    used 4199K, capacity 4469K, committed 4480K, reserved 1048576K
}
Event: 14.477 GC heap before
{Heap before GC invocations=11 (full 0):
 garbage-first heap   total 79872K, used 28638K [0x00000000a0000000, 0x0000000100000000)
  region size 1024K, 12 young (12288K), 4 survivors (4096K)
 Metaspace       used 34748K, capacity 35508K, committed 35708K, reserved 1081344K
  class space    used 4483K, capacity 4782K, committed 4864K, reserved 1048576K
}
Event: 14.507 GC heap after
{Heap after GC invocations=12 (full 0):
 garbage-first heap   total 79872K, used 22931K [0x00000000a0000000, 0x0000000100000000)
  region size 1024K, 4 young (4096K), 4 survivors (4096K)
 Metaspace       used 34748K, capacity 35508K, committed 35708K, reserved 1081344K
  class space    used 4483K, capacity 4782K, committed 4864K, reserved 1048576K
}
Event: 16.282 GC heap before
{Heap before GC invocations=13 (full 0):
 garbage-first heap   total 79872K, used 53651K [0x00000000a0000000, 0x0000000100000000)
  region size 1024K, 34 young (34816K), 4 survivors (4096K)
 Metaspace       used 37139K, capacity 37968K, committed 38012K, reserved 1083392K
  class space    used 4775K, capacity 5088K, committed 5120K, reserved 1048576K
}
Event: 16.305 GC heap after
{Heap after GC invocations=14 (full 0):
 garbage-first heap   total 79872K, used 25379K [0x00000000a0000000, 0x0000000100000000)
  region size 1024K, 4 young (4096K), 4 survivors (4096K)
 Metaspace       used 37139K, capacity 37968K, committed 38012K, reserved 1083392K
  class space    used 4775K, capacity 5088K, committed 5120K, reserved 1048576K
}
Event: 17.904 GC heap before
{Heap before GC invocations=14 (full 0):
 garbage-first heap   total 79872K, used 59171K [0x00000000a0000000, 0x0000000100000000)
  region size 1024K, 35 young (35840K), 4 survivors (4096K)
 Metaspace       used 39796K, capacity 40762K, committed 40956K, reserved 1085440K
  class space    used 5071K, capacity 5439K, committed 5504K, reserved 1048576K
}
Event: 17.932 GC heap after
{Heap after GC invocations=15 (full 0):
 garbage-first heap   total 79872K, used 27378K [0x00000000a0000000, 0x0000000100000000)
  region size 1024K, 5 young (5120K), 5 survivors (5120K)
 Metaspace       used 39796K, capacity 40762K, committed 40956K, reserved 1085440K
  class space    used 5071K, capacity 5439K, committed 5504K, reserved 1048576K
}
Event: 19.504 GC heap before
{Heap before GC invocations=15 (full 0):
 garbage-first heap   total 79872K, used 58098K [0x00000000a0000000, 0x0000000100000000)
  region size 1024K, 35 young (35840K), 5 survivors (5120K)
 Metaspace       used 42514K, capacity 43477K, committed 43644K, reserved 1087488K
  class space    used 5483K, capacity 5852K, committed 5888K, reserved 1048576K
}
Event: 19.528 GC heap after
{Heap after GC invocations=16 (full 0):
 garbage-first heap   total 96256K, used 28816K [0x00000000a0000000, 0x0000000100000000)
  region size 1024K, 4 young (4096K), 4 survivors (4096K)
 Metaspace       used 42514K, capacity 43477K, committed 43644K, reserved 1087488K
  class space    used 5483K, capacity 5852K, committed 5888K, reserved 1048576K
}
Event: 21.598 GC heap before
{Heap before GC invocations=16 (full 0):
 garbage-first heap   total 96256K, used 65680K [0x00000000a0000000, 0x0000000100000000)
  region size 1024K, 40 young (40960K), 4 survivors (4096K)
 Metaspace       used 44966K, capacity 46030K, committed 46332K, reserved 1089536K
  class space    used 5746K, capacity 6147K, committed 6272K, reserved 1048576K
}
Event: 21.622 GC heap after
{Heap after GC invocations=17 (full 0):
 garbage-first heap   total 96256K, used 31142K [0x00000000a0000000, 0x0000000100000000)
  region size 1024K, 4 young (4096K), 4 survivors (4096K)
 Metaspace       used 44966K, capacity 46030K, committed 46332K, reserved 1089536K
  class space    used 5746K, capacity 6147K, committed 6272K, reserved 1048576K
}
Event: 25.280 GC heap before
{Heap before GC invocations=17 (full 0):
 garbage-first heap   total 96256K, used 70054K [0x00000000a0000000, 0x0000000100000000)
  region size 1024K, 42 young (43008K), 4 survivors (4096K)
 Metaspace       used 47663K, capacity 48864K, committed 49148K, reserved 1091584K
  class space    used 6069K, capacity 6516K, committed 6528K, reserved 1048576K
}
Event: 25.300 GC heap after
{Heap after GC invocations=18 (full 0):
 garbage-first heap   total 96256K, used 33662K [0x00000000a0000000, 0x0000000100000000)
  region size 1024K, 5 young (5120K), 5 survivors (5120K)
 Metaspace       used 47663K, capacity 48864K, committed 49148K, reserved 1091584K
  class space    used 6069K, capacity 6516K, committed 6528K, reserved 1048576K
}

Deoptimization events (20 events):
Event: 25.439 Thread 0x00007fd5fce8d000 Uncommon trap: trap_request=0xffffffde fr.pc=0x00007fd67519a964 relative=0x00000000000011a4
Event: 25.439 Thread 0x00007fd5fce8d000 Uncommon trap: reason=class_check action=maybe_recompile pc=0x00007fd67519a964 method=java.util.concurrent.ConcurrentHashMap.putVal(Ljava/lang/Object;Ljava/lang/Object;Z)Ljava/lang/Object; @ 242 c2
Event: 25.439 Thread 0x00007fd5fce8d000 DEOPT PACKING pc=0x00007fd67519a964 sp=0x00007fd5ea236e70
Event: 25.439 Thread 0x00007fd5fce8d000 DEOPT UNPACKING pc=0x00007fd66d54b5a5 sp=0x00007fd5ea236de0 mode 2
Event: 25.439 Thread 0x00007fd5fce8d000 Uncommon trap: trap_request=0xffffff5c fr.pc=0x00007fd675191010 relative=0x00000000000013d0
Event: 25.439 Thread 0x00007fd5fce8d000 Uncommon trap: reason=speculate_null_assert action=make_not_entrant pc=0x00007fd675191010 method=java.lang.invoke.MethodType$ConcurrentWeakInternSet.add(Ljava/lang/Object;)Ljava/lang/Object; @ 47 c2
Event: 25.439 Thread 0x00007fd5fce8d000 DEOPT PACKING pc=0x00007fd675191010 sp=0x00007fd5ea236f00
Event: 25.439 Thread 0x00007fd5fce8d000 DEOPT UNPACKING pc=0x00007fd66d54b5a5 sp=0x00007fd5ea236e88 mode 2
Event: 25.459 Thread 0x00007fd5fce94000 Uncommon trap: trap_request=0xffffff4d fr.pc=0x00007fd67519a5f4 relative=0x0000000000000e34
Event: 25.459 Thread 0x00007fd5fce94000 Uncommon trap: reason=unstable_if action=reinterpret pc=0x00007fd67519a5f4 method=java.util.concurrent.ConcurrentHashMap.addCount(JI)V @ 34 c2
Event: 25.459 Thread 0x00007fd5fce94000 DEOPT PACKING pc=0x00007fd67519a5f4 sp=0x00007fd5e9e32d20
Event: 25.459 Thread 0x00007fd5fce94000 DEOPT UNPACKING pc=0x00007fd66d54b5a5 sp=0x00007fd5e9e32be0 mode 2
Event: 25.466 Thread 0x00007fd5fce98000 Uncommon trap: trap_request=0xffffff4d fr.pc=0x00007fd6750a0c30 relative=0x0000000000000150
Event: 25.466 Thread 0x00007fd5fce98000 Uncommon trap: reason=unstable_if action=reinterpret pc=0x00007fd6750a0c30 method=java.util.concurrent.ConcurrentHashMap.addCount(JI)V @ 7 c2
Event: 25.466 Thread 0x00007fd5fce98000 DEOPT PACKING pc=0x00007fd6750a0c30 sp=0x00007fd5e9c30c50
Event: 25.467 Thread 0x00007fd5fce98000 DEOPT UNPACKING pc=0x00007fd66d54b5a5 sp=0x00007fd5e9c30bd0 mode 2
Event: 25.632 Thread 0x00007fd5fce8a800 Uncommon trap: trap_request=0xffffffc6 fr.pc=0x00007fd675128b40 relative=0x00000000000009a0
Event: 25.633 Thread 0x00007fd5fce8a800 Uncommon trap: reason=bimorphic_or_optimized_type_check action=maybe_recompile pc=0x00007fd675128b40 method=java.io.BufferedInputStream.read([BII)I @ 101 c2
Event: 25.633 Thread 0x00007fd5fce8a800 DEOPT PACKING pc=0x00007fd675128b40 sp=0x00007fd5ea336800
Event: 25.633 Thread 0x00007fd5fce8a800 DEOPT UNPACKING pc=0x00007fd66d54b5a5 sp=0x00007fd5ea3367b8 mode 2

Classes redefined (0 events):
No events

Internal exceptions (20 events):
Event: 20.371 Thread 0x00007fd61000b800 Exception <a 'java/lang/ClassNotFoundException'{0x00000000a4e2c188}: org/gradle/api/internal/DefaultNamedDomainObjectCollectionCustomizer> (0x00000000a4e2c188) thrown at [src/hotspot/share/classfile/systemDictionary.cpp, line 231]
Event: 20.384 Thread 0x00007fd61000b800 Exception <a 'java/lang/ClassNotFoundException'{0x00000000a4e88a50}: org/gradle/api/internal/DefaultNamedDomainObjectListCustomizer> (0x00000000a4e88a50) thrown at [src/hotspot/share/classfile/systemDictionary.cpp, line 231]
Event: 20.393 Thread 0x00007fd61000b800 Exception <a 'java/lang/ClassNotFoundException'{0x00000000a4edd920}: org/gradle/api/internal/artifacts/DefaultArtifactRepositoryContainerCustomizer> (0x00000000a4edd920) thrown at [src/hotspot/share/classfile/systemDictionary.cpp, line 231]
Event: 20.400 Thread 0x00007fd61000b800 Exception <a 'java/lang/ClassNotFoundException'{0x00000000a4d287f0}: org/gradle/api/internal/artifacts/dsl/DefaultRepositoryHandlerCustomizer> (0x00000000a4d287f0) thrown at [src/hotspot/share/classfile/systemDictionary.cpp, line 231]
Event: 20.408 Thread 0x00007fd61000b800 Exception <a 'java/lang/ClassNotFoundException'{0x00000000a4d86430}: org/gradle/api/internal/artifacts/dsl/DefaultRepositoryHandler_DecoratedCustomizer> (0x00000000a4d86430) thrown at [src/hotspot/share/classfile/systemDictionary.cpp, line 231]
Event: 21.077 Thread 0x00007fd61000b800 Exception <a 'java/lang/ClassNotFoundException'{0x00000000a40334c8}: org/gradle/api/internal/artifacts/dsl/dependencies/DefaultDependencyHandler_DecoratedBeanInfo> (0x00000000a40334c8) thrown at [src/hotspot/share/classfile/systemDictionary.cpp, line 231]
Event: 21.080 Thread 0x00007fd61000b800 Exception <a 'java/lang/ClassNotFoundException'{0x00000000a4072190}: org/gradle/api/internal/artifacts/dsl/dependencies/DefaultDependencyHandlerBeanInfo> (0x00000000a4072190) thrown at [src/hotspot/share/classfile/systemDictionary.cpp, line 231]
Event: 21.083 Thread 0x00007fd61000b800 Exception <a 'java/lang/ClassNotFoundException'{0x00000000a40b1268}: org/gradle/api/internal/artifacts/dsl/dependencies/DefaultDependencyHandlerCustomizer> (0x00000000a40b1268) thrown at [src/hotspot/share/classfile/systemDictionary.cpp, line 231]
Event: 21.092 Thread 0x00007fd61000b800 Exception <a 'java/lang/ClassNotFoundException'{0x00000000a3f1b290}: org/gradle/api/internal/artifacts/dsl/dependencies/DefaultDependencyHandler_DecoratedCustomizer> (0x00000000a3f1b290) thrown at [src/hotspot/share/classfile/systemDictionary.cpp, line 231]
Event: 21.520 Thread 0x00007fd61000b800 Exception <a 'java/lang/NoSuchMethodError'{0x00000000a3c0b6e8}: 'java.lang.Object java.lang.invoke.DirectMethodHandle$Holder.invokeStatic(java.lang.Object, int, java.lang.Object)'> (0x00000000a3c0b6e8) thrown at [src/hotspot/share/interpreter/linkResolver.cpp, line 773]
Event: 22.100 Thread 0x00007fd61000b800 Exception <a 'java/lang/NoSuchMethodError'{0x00000000a5a573f8}: 'java.lang.Object java.lang.invoke.DelegatingMethodHandle$Holder.reinvoke_L(java.lang.Object, java.lang.Object, java.lang.Object, java.lang.Object, java.lang.Object, java.lang.Object, java.lang.Object, java.lang.Object, java.lang.Object, java.lang.Object, java.lang.Object, java.lang.Object, java.lang.Object, java.lang.Object, java.lang.Object, java.lang.Object, java.lang.Object, java.lang.Object, java.lang.Object, java.lang.Object, java.lang.O
Event: 22.102 Thread 0x00007fd61000b800 Exception <a 'java/lang/NoSuchMethodError'{0x00000000a5a63058}: 'java.lang.Object java.lang.invoke.Invokers$Holder.invoker(java.lang.Object, java.lang.Object, java.lang.Object, java.lang.Object, java.lang.Object, java.lang.Object, java.lang.Object, java.lang.Object, java.lang.Object, java.lang.Object, java.lang.Object, java.lang.Object, java.lang.Object, java.lang.Object, java.lang.Object, java.lang.Object, java.lang.Object, java.lang.Object, java.lang.Object, java.lang.Object, java.lang.Object)'> (0x00000
Event: 22.103 Thread 0x00007fd61000b800 Exception <a 'java/lang/NoSuchMethodError'{0x00000000a5a6a3c8}: 'java.lang.Object java.lang.invoke.DelegatingMethodHandle$Holder.delegate(java.lang.Object, java.lang.Object, java.lang.Object, java.lang.Object, java.lang.Object, java.lang.Object, java.lang.Object, java.lang.Object, java.lang.Object, java.lang.Object, java.lang.Object, java.lang.Object, java.lang.Object, java.lang.Object, java.lang.Object, java.lang.Object, java.lang.Object, java.lang.Object, java.lang.Object, java.lang.Object, java.lang.Obj
Event: 22.124 Thread 0x00007fd61000b800 Exception <a 'java/lang/NoSuchMethodError'{0x00000000a5acee10}: 'java.lang.Object java.lang.invoke.DirectMethodHandle$Holder.invokeStatic(java.lang.Object, java.lang.Object, java.lang.Object, java.lang.Object, java.lang.Object, java.lang.Object, java.lang.Object, java.lang.Object, java.lang.Object, java.lang.Object, java.lang.Object, java.lang.Object, java.lang.Object, java.lang.Object, java.lang.Object)'> (0x00000000a5acee10) thrown at [src/hotspot/share/interpreter/linkResolver.cpp, line 773]
Event: 22.130 Thread 0x00007fd61000b800 Exception <a 'java/lang/NoSuchMethodError'{0x00000000a5adf448}: 'java.lang.Object java.lang.invoke.DirectMethodHandle$Holder.invokeStatic(java.lang.Object, java.lang.Object, java.lang.Object, java.lang.Object, java.lang.Object, java.lang.Object, java.lang.Object, java.lang.Object, java.lang.Object, java.lang.Object, java.lang.Object, java.lang.Object, java.lang.Object, java.lang.Object, java.lang.Object, java.lang.Object)'> (0x00000000a5adf448) thrown at [src/hotspot/share/interpreter/linkResolver.cpp, lin
Event: 22.134 Thread 0x00007fd61000b800 Exception <a 'java/lang/NoSuchMethodError'{0x00000000a5aef990}: 'java.lang.Object java.lang.invoke.DelegatingMethodHandle$Holder.reinvoke_L(java.lang.Object, java.lang.Object, java.lang.Object, java.lang.Object, java.lang.Object, java.lang.Object, java.lang.Object, java.lang.Object, java.lang.Object, java.lang.Object, java.lang.Object, java.lang.Object, java.lang.Object, java.lang.Object, java.lang.Object, java.lang.Object, java.lang.Object, java.lang.Object, java.lang.Object, java.lang.Object)'> (0x000000
Event: 22.266 Thread 0x00007fd61000b800 Exception <a 'java/lang/NoSuchMethodError'{0x00000000a5675028}: 'int java.lang.invoke.DirectMethodHandle$Holder.invokeInterface(java.lang.Object, java.lang.Object)'> (0x00000000a5675028) thrown at [src/hotspot/share/interpreter/linkResolver.cpp, line 773]
Event: 22.267 Thread 0x00007fd61000b800 Exception <a 'java/lang/IncompatibleClassChangeError'{0x00000000a5678b08}: Found class java.lang.Object, but interface was expected> (0x00000000a5678b08) thrown at [src/hotspot/share/interpreter/linkResolver.cpp, line 839]
Event: 23.547 Thread 0x00007fd61000b800 Exception <a 'java/lang/NoSuchMethodError'{0x00000000a4576c08}: 'int java.lang.invoke.DirectMethodHandle$Holder.invokeStaticInit(java.lang.Object)'> (0x00000000a4576c08) thrown at [src/hotspot/share/interpreter/linkResolver.cpp, line 773]
Event: 25.320 Thread 0x00007fd61000b800 Exception <a 'java/lang/NoSuchMethodError'{0x00000000a5dce998}: 'void java.lang.invoke.DirectMethodHandle$Holder.invokeStatic(java.lang.Object, java.lang.Object, java.lang.Object, int, java.lang.Object)'> (0x00000000a5dce998) thrown at [src/hotspot/share/interpreter/linkResolver.cpp, line 773]

Events (20 events):
Event: 25.660 loading class org/gradle/internal/component/model/ModuleSources
Event: 25.660 loading class org/gradle/internal/component/model/ModuleSources done
Event: 25.661 loading class org/gradle/internal/component/model/ModuleSources
Event: 25.661 loading class org/gradle/internal/component/model/ModuleSources done
Event: 25.662 loading class org/gradle/api/internal/artifacts/DefaultArtifactIdentifier
Event: 25.662 loading class org/gradle/api/internal/artifacts/DefaultArtifactIdentifier done
Event: 25.664 Executing VM operation: RevokeBias
Event: 25.665 Executing VM operation: RevokeBias done
Event: 25.666 loading class org/gradle/api/internal/artifacts/ivyservice/resolutionstrategy/DefaultCachePolicy$CachedArtifactResolutionControl
Event: 25.666 loading class org/gradle/api/internal/artifacts/ivyservice/resolutionstrategy/DefaultCachePolicy$CachedArtifactResolutionControl done
Event: 25.669 loading class org/gradle/api/internal/artifacts/DownloadArtifactBuildOperationType
Event: 25.669 loading class org/gradle/api/internal/artifacts/DownloadArtifactBuildOperationType done
Event: 25.676 Executing VM operation: RevokeBias
Event: 25.678 Executing VM operation: RevokeBias done
Event: 25.678 Executing VM operation: RevokeBias
Event: 25.678 Executing VM operation: RevokeBias done
Event: 25.679 loading class org/gradle/api/internal/artifacts/DownloadArtifactBuildOperationType$Result
Event: 25.679 loading class org/gradle/api/internal/artifacts/DownloadArtifactBuildOperationType$Result done
Event: 25.680 loading class org/gradle/api/internal/artifacts/DownloadArtifactBuildOperationType$1
Event: 25.680 loading class org/gradle/api/internal/artifacts/DownloadArtifactBuildOperationType$1 done


Dynamic libraries:
00200000-00201000 r--p 00000000 07:01 64                                 /snap/android-studio/119/android-studio/jre/bin/java
00201000-00202000 r-xp 00000000 07:01 64                                 /snap/android-studio/119/android-studio/jre/bin/java
00202000-00203000 r--p 00000000 07:01 64                                 /snap/android-studio/119/android-studio/jre/bin/java
00203000-00204000 rw-p 00000000 07:01 64                                 /snap/android-studio/119/android-studio/jre/bin/java
01ac4000-01ae5000 rw-p 00000000 00:00 0                                  [heap]
a0000000-a5e00000 rw-p 00000000 00:00 0 
a5e00000-100000000 ---p 00000000 00:00 0 
100000000-100680000 rw-p 00000000 00:00 0 
100680000-140000000 ---p 00000000 00:00 0 
7fd5e7b12000-7fd5e7b16000 ---p 00000000 00:00 0 
7fd5e7b16000-7fd5e7c13000 rw-p 00000000 00:00 0 
7fd5e7c13000-7fd5e7c17000 ---p 00000000 00:00 0 
7fd5e7c17000-7fd5e7d14000 rw-p 00000000 00:00 0 
7fd5e7d14000-7fd5e7d18000 ---p 00000000 00:00 0 
7fd5e7d18000-7fd5e7e15000 rw-p 00000000 00:00 0 
7fd5e7e15000-7fd5e7e19000 ---p 00000000 00:00 0 
7fd5e7e19000-7fd5e7f16000 rw-p 00000000 00:00 0 
7fd5e7f16000-7fd5e7f1a000 ---p 00000000 00:00 0 
7fd5e7f1a000-7fd5e8017000 rw-p 00000000 00:00 0 
7fd5e8017000-7fd5e801b000 ---p 00000000 00:00 0 
7fd5e801b000-7fd5e8118000 rw-p 00000000 00:00 0 
7fd5e8118000-7fd5e811c000 ---p 00000000 00:00 0 
7fd5e811c000-7fd5e8219000 rw-p 00000000 00:00 0 
7fd5e8219000-7fd5e821d000 ---p 00000000 00:00 0 
7fd5e821d000-7fd5e831a000 rw-p 00000000 00:00 0 
7fd5e831a000-7fd5e831e000 ---p 00000000 00:00 0 
7fd5e831e000-7fd5e841b000 rw-p 00000000 00:00 0 
7fd5e841b000-7fd5e841f000 ---p 00000000 00:00 0 
7fd5e841f000-7fd5e851c000 rw-p 00000000 00:00 0 
7fd5e851c000-7fd5e8520000 ---p 00000000 00:00 0 
7fd5e8520000-7fd5e861d000 rw-p 00000000 00:00 0 
7fd5e861d000-7fd5e8621000 ---p 00000000 00:00 0 
7fd5e8621000-7fd5e871e000 rw-p 00000000 00:00 0 
7fd5e871e000-7fd5e8722000 ---p 00000000 00:00 0 
7fd5e8722000-7fd5e881f000 rw-p 00000000 00:00 0 
7fd5e881f000-7fd5e8823000 ---p 00000000 00:00 0 
7fd5e8823000-7fd5e8920000 rw-p 00000000 00:00 0 
7fd5e8920000-7fd5e8924000 ---p 00000000 00:00 0 
7fd5e8924000-7fd5e8a21000 rw-p 00000000 00:00 0 
7fd5e8a21000-7fd5e8a25000 ---p 00000000 00:00 0 
7fd5e8a25000-7fd5e8b22000 rw-p 00000000 00:00 0 
7fd5e8b22000-7fd5e8b26000 ---p 00000000 00:00 0 
7fd5e8b26000-7fd5e8c23000 rw-p 00000000 00:00 0 
7fd5e8c23000-7fd5e8c27000 ---p 00000000 00:00 0 
7fd5e8c27000-7fd5e8d24000 rw-p 00000000 00:00 0 
7fd5e8d24000-7fd5e8d28000 ---p 00000000 00:00 0 
7fd5e8d28000-7fd5e8e25000 rw-p 00000000 00:00 0 
7fd5e8e25000-7fd5e8e29000 ---p 00000000 00:00 0 
7fd5e8e29000-7fd5e8f26000 rw-p 00000000 00:00 0 
7fd5e8f26000-7fd5e8f2a000 ---p 00000000 00:00 0 
7fd5e8f2a000-7fd5e9027000 rw-p 00000000 00:00 0 
7fd5e9027000-7fd5e902b000 ---p 00000000 00:00 0 
7fd5e902b000-7fd5e9128000 rw-p 00000000 00:00 0 
7fd5e9128000-7fd5e912c000 ---p 00000000 00:00 0 
7fd5e912c000-7fd5e9229000 rw-p 00000000 00:00 0 
7fd5e9229000-7fd5e922d000 ---p 00000000 00:00 0 
7fd5e922d000-7fd5e932a000 rw-p 00000000 00:00 0 
7fd5e932a000-7fd5e932e000 ---p 00000000 00:00 0 
7fd5e932e000-7fd5e942b000 rw-p 00000000 00:00 0 
7fd5e942b000-7fd5e942f000 ---p 00000000 00:00 0 
7fd5e942f000-7fd5e952c000 rw-p 00000000 00:00 0 
7fd5e952c000-7fd5e9530000 ---p 00000000 00:00 0 
7fd5e9530000-7fd5e962d000 rw-p 00000000 00:00 0 
7fd5e962d000-7fd5e9631000 ---p 00000000 00:00 0 
7fd5e9631000-7fd5e972e000 rw-p 00000000 00:00 0 
7fd5e972e000-7fd5e9732000 ---p 00000000 00:00 0 
7fd5e9732000-7fd5e982f000 rw-p 00000000 00:00 0 
7fd5e982f000-7fd5e9833000 ---p 00000000 00:00 0 
7fd5e9833000-7fd5e9930000 rw-p 00000000 00:00 0 
7fd5e9930000-7fd5e9934000 ---p 00000000 00:00 0 
7fd5e9934000-7fd5e9a31000 rw-p 00000000 00:00 0 
7fd5e9a31000-7fd5e9a35000 ---p 00000000 00:00 0 
7fd5e9a35000-7fd5e9b32000 rw-p 00000000 00:00 0 
7fd5e9b32000-7fd5e9b36000 ---p 00000000 00:00 0 
7fd5e9b36000-7fd5e9c33000 rw-p 00000000 00:00 0 
7fd5e9c33000-7fd5e9c37000 ---p 00000000 00:00 0 
7fd5e9c37000-7fd5e9d34000 rw-p 00000000 00:00 0 
7fd5e9d34000-7fd5e9d38000 ---p 00000000 00:00 0 
7fd5e9d38000-7fd5e9e35000 rw-p 00000000 00:00 0 
7fd5e9e35000-7fd5e9e39000 ---p 00000000 00:00 0 
7fd5e9e39000-7fd5e9f36000 rw-p 00000000 00:00 0 
7fd5e9f36000-7fd5e9f3a000 ---p 00000000 00:00 0 
7fd5e9f3a000-7fd5ea037000 rw-p 00000000 00:00 0 
7fd5ea037000-7fd5ea03b000 ---p 00000000 00:00 0 
7fd5ea03b000-7fd5ea138000 rw-p 00000000 00:00 0 
7fd5ea138000-7fd5ea13c000 ---p 00000000 00:00 0 
7fd5ea13c000-7fd5ea239000 rw-p 00000000 00:00 0 
7fd5ea239000-7fd5ea23d000 ---p 00000000 00:00 0 
7fd5ea23d000-7fd5ea53a000 rw-p 00000000 00:00 0 
7fd5ea53a000-7fd5ea53e000 ---p 00000000 00:00 0 
7fd5ea53e000-7fd5ea83b000 rw-p 00000000 00:00 0 
7fd5ea83b000-7fd5eaa3b000 rw-p 00000000 00:00 0 
7fd5eaa3b000-7fd5eaa3f000 ---p 00000000 00:00 0 
7fd5eaa3f000-7fd5eab3c000 rw-p 00000000 00:00 0 
7fd5eabf8000-7fd5eabfc000 ---p 00000000 00:00 0 
7fd5eabfc000-7fd5eacf9000 rw-p 00000000 00:00 0 
7fd5eacf9000-7fd5eacfd000 ---p 00000000 00:00 0 
7fd5eacfd000-7fd5eaffa000 rw-p 00000000 00:00 0 
7fd5eaffa000-7fd5eaffe000 ---p 00000000 00:00 0 
7fd5eaffe000-7fd5eb0fb000 rw-p 00000000 00:00 0 
7fd5eb0fb000-7fd5eb0ff000 ---p 00000000 00:00 0 
7fd5eb0ff000-7fd5eb1fc000 rw-p 00000000 00:00 0 
7fd5eb1fc000-7fd5eb200000 ---p 00000000 00:00 0 
7fd5eb200000-7fd5eb4fd000 rw-p 00000000 00:00 0 
7fd5eb4fd000-7fd5eb6f0000 rw-p 00000000 00:00 0 
7fd5eb6f0000-7fd5eb6fd000 ---p 00000000 00:00 0 
7fd5eb6fd000-7fd5eb8fd000 rw-p 00000000 00:00 0 
7fd5eb8fd000-7fd5ebafd000 rw-p 00000000 00:00 0 
7fd5ebafd000-7fd5ebb01000 ---p 00000000 00:00 0 
7fd5ebb01000-7fd5ebbfe000 rw-p 00000000 00:00 0 
7fd5ebbfe000-7fd5ebc02000 ---p 00000000 00:00 0 
7fd5ebc02000-7fd5ebcff000 rw-p 00000000 00:00 0 
7fd5ebcff000-7fd5ebd03000 ---p 00000000 00:00 0 
7fd5ebd03000-7fd5ec000000 rw-p 00000000 00:00 0 
7fd5ec000000-7fd5ec021000 rw-p 00000000 00:00 0 
7fd5ec021000-7fd5f0000000 ---p 00000000 00:00 0 
7fd5f0000000-7fd5f0021000 rw-p 00000000 00:00 0 
7fd5f0021000-7fd5f4000000 ---p 00000000 00:00 0 
7fd5f4000000-7fd5f4021000 rw-p 00000000 00:00 0 
7fd5f4021000-7fd5f8000000 ---p 00000000 00:00 0 
7fd5f8000000-7fd5f8021000 rw-p 00000000 00:00 0 
7fd5f8021000-7fd5fc000000 ---p 00000000 00:00 0 
7fd5fc000000-7fd5fcf13000 rw-p 00000000 00:00 0 
7fd5fcf13000-7fd600000000 ---p 00000000 00:00 0 
7fd600000000-7fd600021000 rw-p 00000000 00:00 0 
7fd600021000-7fd604000000 ---p 00000000 00:00 0 
7fd604000000-7fd604034000 rw-p 00000000 00:00 0 
7fd604034000-7fd608000000 ---p 00000000 00:00 0 
7fd608000000-7fd608021000 rw-p 00000000 00:00 0 
7fd608021000-7fd60c000000 ---p 00000000 00:00 0 
7fd60c000000-7fd60c021000 rw-p 00000000 00:00 0 
7fd60c021000-7fd610000000 ---p 00000000 00:00 0 
7fd610000000-7fd610021000 rw-p 00000000 00:00 0 
7fd610021000-7fd614000000 ---p 00000000 00:00 0 
7fd614000000-7fd614021000 rw-p 00000000 00:00 0 
7fd614021000-7fd618000000 ---p 00000000 00:00 0 
7fd618000000-7fd618053000 rw-p 00000000 00:00 0 
7fd618053000-7fd61c000000 ---p 00000000 00:00 0 
7fd61c000000-7fd61c021000 rw-p 00000000 00:00 0 
7fd61c021000-7fd620000000 ---p 00000000 00:00 0 
7fd620000000-7fd620021000 rw-p 00000000 00:00 0 
7fd620021000-7fd624000000 ---p 00000000 00:00 0 
7fd624000000-7fd624021000 rw-p 00000000 00:00 0 
7fd624021000-7fd628000000 ---p 00000000 00:00 0 
7fd628000000-7fd628021000 rw-p 00000000 00:00 0 
7fd628021000-7fd62c000000 ---p 00000000 00:00 0 
7fd62c000000-7fd62c021000 rw-p 00000000 00:00 0 
7fd62c021000-7fd630000000 ---p 00000000 00:00 0 
7fd630000000-7fd630021000 rw-p 00000000 00:00 0 
7fd630021000-7fd634000000 ---p 00000000 00:00 0 
7fd634000000-7fd635f00000 rw-p 00000000 00:00 0 
7fd635f00000-7fd638000000 ---p 00000000 00:00 0 
7fd638000000-7fd63853f000 rw-p 00000000 00:00 0 
7fd63853f000-7fd63c000000 ---p 00000000 00:00 0 
7fd63c000000-7fd63c021000 rw-p 00000000 00:00 0 
7fd63c021000-7fd640000000 ---p 00000000 00:00 0 
7fd640000000-7fd640021000 rw-p 00000000 00:00 0 
7fd640021000-7fd644000000 ---p 00000000 00:00 0 
7fd644000000-7fd644021000 rw-p 00000000 00:00 0 
7fd644021000-7fd648000000 ---p 00000000 00:00 0 
7fd648000000-7fd648021000 rw-p 00000000 00:00 0 
7fd648021000-7fd64c000000 ---p 00000000 00:00 0 
7fd64c000000-7fd64c021000 rw-p 00000000 00:00 0 
7fd64c021000-7fd650000000 ---p 00000000 00:00 0 
7fd650000000-7fd650219000 rw-p 00000000 00:00 0 
7fd650219000-7fd654000000 ---p 00000000 00:00 0 
7fd654000000-7fd654021000 rw-p 00000000 00:00 0 
7fd654021000-7fd658000000 ---p 00000000 00:00 0 
7fd658000000-7fd658021000 rw-p 00000000 00:00 0 
7fd658021000-7fd65c000000 ---p 00000000 00:00 0 
7fd65c0eb000-7fd65c0ef000 ---p 00000000 00:00 0 
7fd65c0ef000-7fd65c1ec000 rw-p 00000000 00:00 0 
7fd65c1ec000-7fd65c1f0000 ---p 00000000 00:00 0 
7fd65c1f0000-7fd65c4ed000 rw-p 00000000 00:00 0 
7fd65c4ed000-7fd65c4f1000 ---p 00000000 00:00 0 
7fd65c4f1000-7fd65c5ee000 rw-p 00000000 00:00 0 
7fd65c5ee000-7fd65c5f2000 ---p 00000000 00:00 0 
7fd65c5f2000-7fd65c8ef000 rw-p 00000000 00:00 0 
7fd65c8ef000-7fd65cadb000 rw-p 00000000 00:00 0 
7fd65cadb000-7fd65caef000 ---p 00000000 00:00 0 
7fd65caef000-7fd65caf3000 ---p 00000000 00:00 0 
7fd65caf3000-7fd65cbf0000 rw-p 00000000 00:00 0 
7fd65cbf0000-7fd65cbf4000 ---p 00000000 00:00 0 
7fd65cbf4000-7fd65ccf1000 rw-p 00000000 00:00 0 
7fd65ccf1000-7fd65ccf5000 ---p 00000000 00:00 0 
7fd65ccf5000-7fd65cff2000 rw-p 00000000 00:00 0 
7fd65cff2000-7fd65cff6000 ---p 00000000 00:00 0 
7fd65cff6000-7fd65d0f3000 rw-p 00000000 00:00 0 
7fd65d0f3000-7fd65d0f7000 ---p 00000000 00:00 0 
7fd65d0f7000-7fd65d1f4000 rw-p 00000000 00:00 0 
7fd65d1f4000-7fd65d1f8000 ---p 00000000 00:00 0 
7fd65d1f8000-7fd65d2f5000 rw-p 00000000 00:00 0 
7fd65d2f5000-7fd65d2f9000 ---p 00000000 00:00 0 
7fd65d2f9000-7fd65d3f6000 rw-p 00000000 00:00 0 
7fd65d3f6000-7fd65d3fa000 ---p 00000000 00:00 0 
7fd65d3fa000-7fd65d4f7000 rw-p 00000000 00:00 0 
7fd65d4f7000-7fd65d4fb000 ---p 00000000 00:00 0 
7fd65d4fb000-7fd65d5f8000 rw-p 00000000 00:00 0 
7fd65d5f8000-7fd65d5fc000 ---p 00000000 00:00 0 
7fd65d5fc000-7fd65d8f9000 rw-p 00000000 00:00 0 
7fd65d8f9000-7fd65d8fd000 ---p 00000000 00:00 0 
7fd65d8fd000-7fd65d9fa000 rw-p 00000000 00:00 0 
7fd65d9fa000-7fd65d9fe000 ---p 00000000 00:00 0 
7fd65d9fe000-7fd65dafb000 rw-p 00000000 00:00 0 
7fd65dafb000-7fd65dafc000 ---p 00000000 00:00 0 
7fd65dafc000-7fd65dbfd000 rw-p 00000000 00:00 0 
7fd65dbfd000-7fd65dbfe000 ---p 00000000 00:00 0 
7fd65dbfe000-7fd65deff000 rw-p 00000000 00:00 0 
7fd65deff000-7fd65df03000 ---p 00000000 00:00 0 
7fd65df03000-7fd660000000 rw-p 00000000 00:00 0 
7fd660000000-7fd660021000 rw-p 00000000 00:00 0 
7fd660021000-7fd664000000 ---p 00000000 00:00 0 
7fd6640bb000-7fd6642bb000 rw-p 00000000 00:00 0 
7fd6642bb000-7fd6644bb000 rw-p 00000000 00:00 0 
7fd6644bb000-7fd664551000 r--p 00000000 08:02 22552706                   /usr/lib/x86_64-linux-gnu/libstdc++.so.6.0.28
7fd664551000-7fd664642000 r-xp 00096000 08:02 22552706                   /usr/lib/x86_64-linux-gnu/libstdc++.so.6.0.28
7fd664642000-7fd66468b000 r--p 00187000 08:02 22552706                   /usr/lib/x86_64-linux-gnu/libstdc++.so.6.0.28
7fd66468b000-7fd66468c000 ---p 001d0000 08:02 22552706                   /usr/lib/x86_64-linux-gnu/libstdc++.so.6.0.28
7fd66468c000-7fd664697000 r--p 001d0000 08:02 22552706                   /usr/lib/x86_64-linux-gnu/libstdc++.so.6.0.28
7fd664697000-7fd66469a000 rw-p 001db000 08:02 22552706                   /usr/lib/x86_64-linux-gnu/libstdc++.so.6.0.28
7fd66469a000-7fd66469d000 rw-p 00000000 00:00 0 
7fd66469d000-7fd6646f0000 r-xp 00000000 08:02 9964544                    /home/sarfu/.gradle/native/0d407fdbe67a94daf76414ababcb853783967236a71b16ec16e742cd7a986fd3/linux-amd64/libnative-platform-file-events.so
7fd6646f0000-7fd6648ef000 ---p 00053000 08:02 9964544                    /home/sarfu/.gradle/native/0d407fdbe67a94daf76414ababcb853783967236a71b16ec16e742cd7a986fd3/linux-amd64/libnative-platform-file-events.so
7fd6648ef000-7fd6648f0000 r--p 00052000 08:02 9964544                    /home/sarfu/.gradle/native/0d407fdbe67a94daf76414ababcb853783967236a71b16ec16e742cd7a986fd3/linux-amd64/libnative-platform-file-events.so
7fd6648f0000-7fd6648f2000 rw-p 00053000 08:02 9964544                    /home/sarfu/.gradle/native/0d407fdbe67a94daf76414ababcb853783967236a71b16ec16e742cd7a986fd3/linux-amd64/libnative-platform-file-events.so
7fd6648f2000-7fd6648f7000 r-xp 00000000 08:02 9833544                    /home/sarfu/.gradle/native/e1d6ef7f7dcc3fd88c89a11ec53ec762bb8ba0a96d01ffa2cd45eb1d1d8dd5c5/linux-amd64/libnative-platform.so
7fd6648f7000-7fd664af7000 ---p 00005000 08:02 9833544                    /home/sarfu/.gradle/native/e1d6ef7f7dcc3fd88c89a11ec53ec762bb8ba0a96d01ffa2cd45eb1d1d8dd5c5/linux-amd64/libnative-platform.so
7fd664af7000-7fd664af8000 r--p 00005000 08:02 9833544                    /home/sarfu/.gradle/native/e1d6ef7f7dcc3fd88c89a11ec53ec762bb8ba0a96d01ffa2cd45eb1d1d8dd5c5/linux-amd64/libnative-platform.so
7fd664af8000-7fd664af9000 rw-p 00006000 08:02 9833544                    /home/sarfu/.gradle/native/e1d6ef7f7dcc3fd88c89a11ec53ec762bb8ba0a96d01ffa2cd45eb1d1d8dd5c5/linux-amd64/libnative-platform.so
7fd664af9000-7fd664afa000 ---p 00000000 00:00 0 
7fd664afa000-7fd664bfb000 rw-p 00000000 00:00 0 
7fd664bfb000-7fd664bfc000 ---p 00000000 00:00 0 
7fd664bfc000-7fd664cfd000 rw-p 00000000 00:00 0 
7fd664cfd000-7fd664d01000 ---p 00000000 00:00 0 
7fd664d01000-7fd664dfe000 rw-p 00000000 00:00 0 
7fd664dfe000-7fd664e02000 ---p 00000000 00:00 0 
7fd664e02000-7fd664eff000 rw-p 00000000 00:00 0 
7fd664eff000-7fd664f03000 ---p 00000000 00:00 0 
7fd664f03000-7fd665178000 rw-p 00000000 00:00 0 
7fd665178000-7fd666800000 ---p 00000000 00:00 0 
7fd666800000-7fd666978000 rw-p 00000000 00:00 0 
7fd666978000-7fd668000000 ---p 00000000 00:00 0 
7fd668000000-7fd668021000 rw-p 00000000 00:00 0 
7fd668021000-7fd66c000000 ---p 00000000 00:00 0 
7fd66c01c000-7fd66c023000 r--s 00000000 08:02 23205863                   /usr/lib/x86_64-linux-gnu/gconv/gconv-modules.cache
7fd66c023000-7fd66c026000 r--p 00000000 08:02 22551917                   /usr/lib/x86_64-linux-gnu/libgcc_s.so.1
7fd66c026000-7fd66c038000 r-xp 00003000 08:02 22551917                   /usr/lib/x86_64-linux-gnu/libgcc_s.so.1
7fd66c038000-7fd66c03c000 r--p 00015000 08:02 22551917                   /usr/lib/x86_64-linux-gnu/libgcc_s.so.1
7fd66c03c000-7fd66c03d000 r--p 00018000 08:02 22551917                   /usr/lib/x86_64-linux-gnu/libgcc_s.so.1
7fd66c03d000-7fd66c03e000 rw-p 00019000 08:02 22551917                   /usr/lib/x86_64-linux-gnu/libgcc_s.so.1
7fd66c043000-7fd66c044000 r--p 00000000 07:01 450                        /snap/android-studio/119/android-studio/jre/lib/libextnet.so
7fd66c044000-7fd66c046000 r-xp 00000000 07:01 450                        /snap/android-studio/119/android-studio/jre/lib/libextnet.so
7fd66c046000-7fd66c047000 r--p 00001000 07:01 450                        /snap/android-studio/119/android-studio/jre/lib/libextnet.so
7fd66c047000-7fd66c048000 rw-p 00001000 07:01 450                        /snap/android-studio/119/android-studio/jre/lib/libextnet.so
7fd66c048000-7fd66c04b000 r--p 00000000 07:01 467                        /snap/android-studio/119/android-studio/jre/lib/libmanagement_ext.so
7fd66c04b000-7fd66c04e000 r-xp 00002000 07:01 467                        /snap/android-studio/119/android-studio/jre/lib/libmanagement_ext.so
7fd66c04e000-7fd66c04f000 r--p 00004000 07:01 467                        /snap/android-studio/119/android-studio/jre/lib/libmanagement_ext.so
7fd66c04f000-7fd66c050000 rw-p 00004000 07:01 467                        /snap/android-studio/119/android-studio/jre/lib/libmanagement_ext.so
7fd66c050000-7fd66c081000 rw-p 00000000 00:00 0 
7fd66c081000-7fd66c088000 r--p 00000000 07:01 469                        /snap/android-studio/119/android-studio/jre/lib/libnet.so
7fd66c088000-7fd66c096000 r-xp 00006000 07:01 469                        /snap/android-studio/119/android-studio/jre/lib/libnet.so
7fd66c096000-7fd66c097000 r--p 00013000 07:01 469                        /snap/android-studio/119/android-studio/jre/lib/libnet.so
7fd66c097000-7fd66c099000 rw-p 00013000 07:01 469                        /snap/android-studio/119/android-studio/jre/lib/libnet.so
7fd66c099000-7fd66c0a1000 r--p 00000000 07:01 470                        /snap/android-studio/119/android-studio/jre/lib/libnio.so
7fd66c0a1000-7fd66c0a8000 r-xp 00007000 07:01 470                        /snap/android-studio/119/android-studio/jre/lib/libnio.so
7fd66c0a8000-7fd66c0aa000 r--p 0000d000 07:01 470                        /snap/android-studio/119/android-studio/jre/lib/libnio.so
7fd66c0aa000-7fd66c0ab000 rw-p 0000e000 07:01 470                        /snap/android-studio/119/android-studio/jre/lib/libnio.so
7fd66c0ab000-7fd66c0af000 ---p 00000000 00:00 0 
7fd66c0af000-7fd66c1ac000 rw-p 00000000 00:00 0 
7fd66c1ac000-7fd66c1b0000 ---p 00000000 00:00 0 
7fd66c1b0000-7fd66c2ad000 rw-p 00000000 00:00 0 
7fd66c2ad000-7fd66c2b1000 ---p 00000000 00:00 0 
7fd66c2b1000-7fd66c3ae000 rw-p 00000000 00:00 0 
7fd66c3ae000-7fd66c91e000 r--p 00000000 08:02 22553457                   /usr/lib/locale/locale-archive
7fd66c91e000-7fd66c922000 ---p 00000000 00:00 0 
7fd66c922000-7fd66ca1f000 rw-p 00000000 00:00 0 
7fd66ca1f000-7fd66ca23000 ---p 00000000 00:00 0 
7fd66ca23000-7fd66cb20000 rw-p 00000000 00:00 0 
7fd66cb20000-7fd66cb21000 ---p 00000000 00:00 0 
7fd66cb21000-7fd66d526000 rw-p 00000000 00:00 0 
7fd66d526000-7fd66d796000 rwxp 00000000 00:00 0 
7fd66d796000-7fd66dab6000 ---p 00000000 00:00 0 
7fd66dab6000-7fd66e386000 rwxp 00000000 00:00 0 
7fd66e386000-7fd674fee000 ---p 00000000 00:00 0 
7fd674fee000-7fd67525e000 rwxp 00000000 00:00 0 
7fd67525e000-7fd67c526000 ---p 00000000 00:00 0 
7fd67c526000-7fd680000000 r--s 00000000 07:01 480                        /snap/android-studio/119/android-studio/jre/lib/modules
7fd680000000-7fd681470000 rw-p 00000000 00:00 0 
7fd681470000-7fd684000000 ---p 00000000 00:00 0 
7fd684002000-7fd684044000 rw-p 00000000 00:00 0 
7fd684044000-7fd684045000 ---p 00000000 00:00 0 
7fd684045000-7fd684146000 rw-p 00000000 00:00 0 
7fd684146000-7fd684147000 ---p 00000000 00:00 0 
7fd684147000-7fd68464c000 rw-p 00000000 00:00 0 
7fd68464c000-7fd68464d000 ---p 00000000 00:00 0 
7fd68464d000-7fd68474e000 rw-p 00000000 00:00 0 
7fd68474e000-7fd68474f000 ---p 00000000 00:00 0 
7fd68474f000-7fd6848b3000 rw-p 00000000 00:00 0 
7fd6848b3000-7fd684b84000 ---p 00000000 00:00 0 
7fd684b84000-7fd684bb3000 rw-p 00000000 00:00 0 
7fd684bb3000-7fd684e84000 ---p 00000000 00:00 0 
7fd684e84000-7fd684eb3000 rw-p 00000000 00:00 0 
7fd684eb3000-7fd685184000 ---p 00000000 00:00 0 
7fd685184000-7fd685588000 rw-p 00000000 00:00 0 
7fd685588000-7fd685589000 ---p 00000000 00:00 0 
7fd685589000-7fd68568f000 rw-p 00000000 00:00 0 
7fd68568f000-7fd685775000 ---p 00000000 00:00 0 
7fd685775000-7fd685787000 rw-p 00000000 00:00 0 
7fd685787000-7fd685860000 ---p 00000000 00:00 0 
7fd685860000-7fd685865000 rw-p 00000000 00:00 0 
7fd685865000-7fd68586c000 ---p 00000000 00:00 0 
7fd68586c000-7fd685875000 r--p 00000000 07:01 479                        /snap/android-studio/119/android-studio/jre/lib/libzip.so
7fd685875000-7fd685889000 r-xp 00008000 07:01 479                        /snap/android-studio/119/android-studio/jre/lib/libzip.so
7fd685889000-7fd68588a000 r--p 0001b000 07:01 479                        /snap/android-studio/119/android-studio/jre/lib/libzip.so
7fd68588a000-7fd68588b000 rw-p 0001b000 07:01 479                        /snap/android-studio/119/android-studio/jre/lib/libzip.so
7fd68588b000-7fd68588e000 r--p 00000000 08:02 22547495                   /usr/lib/x86_64-linux-gnu/libnss_files-2.31.so
7fd68588e000-7fd685895000 r-xp 00003000 08:02 22547495                   /usr/lib/x86_64-linux-gnu/libnss_files-2.31.so
7fd685895000-7fd685897000 r--p 0000a000 08:02 22547495                   /usr/lib/x86_64-linux-gnu/libnss_files-2.31.so
7fd685897000-7fd685898000 r--p 0000b000 08:02 22547495                   /usr/lib/x86_64-linux-gnu/libnss_files-2.31.so
7fd685898000-7fd685899000 rw-p 0000c000 08:02 22547495                   /usr/lib/x86_64-linux-gnu/libnss_files-2.31.so
7fd685899000-7fd68589f000 rw-p 00000000 00:00 0 
7fd6858a2000-7fd6858a5000 r--p 00000000 07:01 465                        /snap/android-studio/119/android-studio/jre/lib/libmanagement.so
7fd6858a5000-7fd6858a7000 r-xp 00002000 07:01 465                        /snap/android-studio/119/android-studio/jre/lib/libmanagement.so
7fd6858a7000-7fd6858a8000 r--p 00003000 07:01 465                        /snap/android-studio/119/android-studio/jre/lib/libmanagement.so
7fd6858a8000-7fd6858a9000 rw-p 00003000 07:01 465                        /snap/android-studio/119/android-studio/jre/lib/libmanagement.so
7fd6858a9000-7fd6858b1000 rw-s 00000000 08:02 17956946                   /tmp/hsperfdata_sarfu/5246
7fd6858b1000-7fd6858b2000 ---p 00000000 00:00 0 
7fd6858b2000-7fd6858b3000 r--p 00000000 00:00 0 
7fd6858b3000-7fd6858be000 r--p 00000000 07:01 461                        /snap/android-studio/119/android-studio/jre/lib/libjimage.so
7fd6858be000-7fd6858d1000 r-xp 0000a000 07:01 461                        /snap/android-studio/119/android-studio/jre/lib/libjimage.so
7fd6858d1000-7fd6858d3000 r--p 0001c000 07:01 461                        /snap/android-studio/119/android-studio/jre/lib/libjimage.so
7fd6858d3000-7fd6858d4000 rw-p 0001d000 07:01 461                        /snap/android-studio/119/android-studio/jre/lib/libjimage.so
7fd6858d4000-7fd6858e6000 rw-p 00000000 00:00 0 
7fd6858e6000-7fd6858f8000 r--p 00000000 07:01 457                        /snap/android-studio/119/android-studio/jre/lib/libjava.so
7fd6858f8000-7fd68590d000 r-xp 00011000 07:01 457                        /snap/android-studio/119/android-studio/jre/lib/libjava.so
7fd68590d000-7fd68590e000 r--p 00025000 07:01 457                        /snap/android-studio/119/android-studio/jre/lib/libjava.so
7fd68590e000-7fd685910000 rw-p 00025000 07:01 457                        /snap/android-studio/119/android-studio/jre/lib/libjava.so
7fd685910000-7fd685912000 r--p 00000000 08:02 22547502                   /usr/lib/x86_64-linux-gnu/librt-2.31.so
7fd685912000-7fd685916000 r-xp 00002000 08:02 22547502                   /usr/lib/x86_64-linux-gnu/librt-2.31.so
7fd685916000-7fd685918000 r--p 00006000 08:02 22547502                   /usr/lib/x86_64-linux-gnu/librt-2.31.so
7fd685918000-7fd685919000 r--p 00007000 08:02 22547502                   /usr/lib/x86_64-linux-gnu/librt-2.31.so
7fd685919000-7fd68591a000 rw-p 00008000 08:02 22547502                   /usr/lib/x86_64-linux-gnu/librt-2.31.so
7fd68591a000-7fd68591e000 ---p 00000000 00:00 0 
7fd68591e000-7fd685a1b000 rw-p 00000000 00:00 0 
7fd685a1b000-7fd685a28000 r--p 00000000 08:02 22547489                   /usr/lib/x86_64-linux-gnu/libm-2.31.so
7fd685a28000-7fd685acf000 r-xp 0000d000 08:02 22547489                   /usr/lib/x86_64-linux-gnu/libm-2.31.so
7fd685acf000-7fd685b68000 r--p 000b4000 08:02 22547489                   /usr/lib/x86_64-linux-gnu/libm-2.31.so
7fd685b68000-7fd685b69000 r--p 0014c000 08:02 22547489                   /usr/lib/x86_64-linux-gnu/libm-2.31.so
7fd685b69000-7fd685b6a000 rw-p 0014d000 08:02 22547489                   /usr/lib/x86_64-linux-gnu/libm-2.31.so
7fd685b6a000-7fd686077000 r--p 00000000 07:01 491                        /snap/android-studio/119/android-studio/jre/lib/server/libjvm.so
7fd686077000-7fd686aae000 r-xp 0050c000 07:01 491                        /snap/android-studio/119/android-studio/jre/lib/server/libjvm.so
7fd686aae000-7fd686b73000 r--p 00f42000 07:01 491                        /snap/android-studio/119/android-studio/jre/lib/server/libjvm.so
7fd686b73000-7fd686bab000 rw-p 01006000 07:01 491                        /snap/android-studio/119/android-studio/jre/lib/server/libjvm.so
7fd686bab000-7fd686c15000 rw-p 00000000 00:00 0 
7fd686c15000-7fd686c37000 r--p 00000000 08:02 22547487                   /usr/lib/x86_64-linux-gnu/libc-2.31.so
7fd686c37000-7fd686daf000 r-xp 00022000 08:02 22547487                   /usr/lib/x86_64-linux-gnu/libc-2.31.so
7fd686daf000-7fd686dfd000 r--p 0019a000 08:02 22547487                   /usr/lib/x86_64-linux-gnu/libc-2.31.so
7fd686dfd000-7fd686e01000 r--p 001e7000 08:02 22547487                   /usr/lib/x86_64-linux-gnu/libc-2.31.so
7fd686e01000-7fd686e03000 rw-p 001eb000 08:02 22547487                   /usr/lib/x86_64-linux-gnu/libc-2.31.so
7fd686e03000-7fd686e07000 rw-p 00000000 00:00 0 
7fd686e07000-7fd686e08000 r--p 00000000 08:02 22547488                   /usr/lib/x86_64-linux-gnu/libdl-2.31.so
7fd686e08000-7fd686e0a000 r-xp 00001000 08:02 22547488                   /usr/lib/x86_64-linux-gnu/libdl-2.31.so
7fd686e0a000-7fd686e0b000 r--p 00003000 08:02 22547488                   /usr/lib/x86_64-linux-gnu/libdl-2.31.so
7fd686e0b000-7fd686e0c000 r--p 00003000 08:02 22547488                   /usr/lib/x86_64-linux-gnu/libdl-2.31.so
7fd686e0c000-7fd686e0d000 rw-p 00004000 08:02 22547488                   /usr/lib/x86_64-linux-gnu/libdl-2.31.so
7fd686e0d000-7fd686e15000 r--p 00000000 07:01 441                        /snap/android-studio/119/android-studio/jre/lib/jli/libjli.so
7fd686e15000-7fd686e24000 r-xp 00007000 07:01 441                        /snap/android-studio/119/android-studio/jre/lib/jli/libjli.so
7fd686e24000-7fd686e25000 r--p 00015000 07:01 441                        /snap/android-studio/119/android-studio/jre/lib/jli/libjli.so
7fd686e25000-7fd686e27000 rw-p 00015000 07:01 441                        /snap/android-studio/119/android-studio/jre/lib/jli/libjli.so
7fd686e27000-7fd686e2d000 r--p 00000000 08:02 22547500                   /usr/lib/x86_64-linux-gnu/libpthread-2.31.so
7fd686e2d000-7fd686e3e000 r-xp 00006000 08:02 22547500                   /usr/lib/x86_64-linux-gnu/libpthread-2.31.so
7fd686e3e000-7fd686e44000 r--p 00017000 08:02 22547500                   /usr/lib/x86_64-linux-gnu/libpthread-2.31.so
7fd686e44000-7fd686e45000 r--p 0001c000 08:02 22547500                   /usr/lib/x86_64-linux-gnu/libpthread-2.31.so
7fd686e45000-7fd686e46000 rw-p 0001d000 08:02 22547500                   /usr/lib/x86_64-linux-gnu/libpthread-2.31.so
7fd686e46000-7fd686e4a000 rw-p 00000000 00:00 0 
7fd686e4a000-7fd686e50000 r--p 00000000 07:01 478                        /snap/android-studio/119/android-studio/jre/lib/libverify.so
7fd686e50000-7fd686e59000 r-xp 00005000 07:01 478                        /snap/android-studio/119/android-studio/jre/lib/libverify.so
7fd686e59000-7fd686e5b000 r--p 0000d000 07:01 478                        /snap/android-studio/119/android-studio/jre/lib/libverify.so
7fd686e5b000-7fd686e5c000 rw-p 0000e000 07:01 478                        /snap/android-studio/119/android-studio/jre/lib/libverify.so
7fd686e5c000-7fd686e5e000 rw-p 00000000 00:00 0 
7fd686e5e000-7fd686e5f000 r--p 00000000 08:02 22547483                   /usr/lib/x86_64-linux-gnu/ld-2.31.so
7fd686e5f000-7fd686e82000 r-xp 00001000 08:02 22547483                   /usr/lib/x86_64-linux-gnu/ld-2.31.so
7fd686e82000-7fd686e8a000 r--p 00024000 08:02 22547483                   /usr/lib/x86_64-linux-gnu/ld-2.31.so
7fd686e8b000-7fd686e8c000 r--p 0002c000 08:02 22547483                   /usr/lib/x86_64-linux-gnu/ld-2.31.so
7fd686e8c000-7fd686e8d000 rw-p 0002d000 08:02 22547483                   /usr/lib/x86_64-linux-gnu/ld-2.31.so
7fd686e8d000-7fd686e8e000 rw-p 00000000 00:00 0 
7ffce009f000-7ffce00c1000 rw-p 00000000 00:00 0                          [stack]
7ffce012f000-7ffce0133000 r--p 00000000 00:00 0                          [vvar]
7ffce0133000-7ffce0135000 r-xp 00000000 00:00 0                          [vdso]
ffffffffff600000-ffffffffff601000 --xp 00000000 00:00 0                  [vsyscall]


VM Arguments:
jvm_args: --add-opens=java.base/java.util=ALL-UNNAMED --add-opens=java.base/java.lang=ALL-UNNAMED --add-opens=java.base/java.lang.invoke=ALL-UNNAMED --add-opens=java.base/java.util=ALL-UNNAMED --add-opens=java.prefs/java.util.prefs=ALL-UNNAMED --add-opens=java.prefs/java.util.prefs=ALL-UNNAMED --add-opens=java.base/java.nio.charset=ALL-UNNAMED --add-opens=java.base/java.net=ALL-UNNAMED --add-opens=java.base/java.util.concurrent.atomic=ALL-UNNAMED -Xmx1536M -Dfile.encoding=UTF-8 -Duser.country=IN -Duser.language=en -Duser.variant 
java_command: org.gradle.launcher.daemon.bootstrap.GradleDaemon 7.4
java_class_path (initial): /home/sarfu/.gradle/wrapper/dists/gradle-7.4-all/aadb4xli5jkdsnukm30eibyiu/gradle-7.4/lib/gradle-launcher-7.4.jar
Launcher Type: SUN_STANDARD

[Global flags]
     intx CICompilerCount                          = 3                                         {product} {ergonomic}
     uint ConcGCThreads                            = 1                                         {product} {ergonomic}
     uint G1ConcRefinementThreads                  = 4                                         {product} {ergonomic}
   size_t G1HeapRegionSize                         = 1048576                                   {product} {ergonomic}
    uintx GCDrainStackTargetSize                   = 64                                        {product} {ergonomic}
   size_t InitialHeapSize                          = 56623104                                  {product} {ergonomic}
   size_t MarkStackSize                            = 4194304                                   {product} {ergonomic}
   size_t MaxHeapSize                              = 1610612736                                {product} {command line}
   size_t MaxNewSize                               = 965738496                                 {product} {ergonomic}
   size_t MinHeapDeltaBytes                        = 1048576                                   {product} {ergonomic}
    uintx NonNMethodCodeHeapSize                   = 5830732                                {pd product} {ergonomic}
    uintx NonProfiledCodeHeapSize                  = 122913754                              {pd product} {ergonomic}
    uintx ProfiledCodeHeapSize                     = 122913754                              {pd product} {ergonomic}
    uintx ReservedCodeCacheSize                    = 251658240                              {pd product} {ergonomic}
     bool SegmentedCodeCache                       = true                                      {product} {ergonomic}
     bool UseCompressedClassPointers               = true                                 {lp64_product} {ergonomic}
     bool UseCompressedOops                        = true                                 {lp64_product} {ergonomic}
     bool UseG1GC                                  = true                                      {product} {ergonomic}

Logging:
Log output configuration:
 #0: stdout all=warning uptime,level,tags
 #1: stderr all=off uptime,level,tags

Environment Variables:
JAVA_HOME=/snap/android-studio/119/android-studio/jre
PATH=/snap/flutter/current/usr/bin:/snap/flutter/current/bin:/home/sarfu/snap/flutter/common/flutter/bin:/usr/local/sbin:/usr/local/bin:/usr/sbin:/usr/bin:/sbin:/bin:/usr/games:/usr/local/games:/snap/bin
USERNAME=sarfu
SHELL=/bin/bash
DISPLAY=:0
LANG=en_IN

Signal Handlers:
SIGSEGV: [libjvm.so+0xecba30], sa_mask[0]=11111111011111111101111111111110, sa_flags=SA_RESTART|SA_SIGINFO
SIGBUS: [libjvm.so+0xecba30], sa_mask[0]=11111111011111111101111111111110, sa_flags=SA_RESTART|SA_SIGINFO
SIGFPE: [libjvm.so+0xecba30], sa_mask[0]=11111111011111111101111111111110, sa_flags=SA_RESTART|SA_SIGINFO
SIGPIPE: [libjvm.so+0xd1d120], sa_mask[0]=11111111011111111101111111111110, sa_flags=SA_RESTART|SA_SIGINFO
SIGXFSZ: [libjvm.so+0xd1d120], sa_mask[0]=11111111011111111101111111111110, sa_flags=SA_RESTART|SA_SIGINFO
SIGILL: [libjvm.so+0xecba30], sa_mask[0]=11111111011111111101111111111110, sa_flags=SA_RESTART|SA_SIGINFO
SIGUSR2: [libjvm.so+0xd1d800], sa_mask[0]=00100000000000000000010000000000, sa_flags=SA_RESTART|SA_SIGINFO
SIGHUP: [libjvm.so+0xd1a260], sa_mask[0]=11111111011111111101111111111110, sa_flags=SA_RESTART|SA_SIGINFO
SIGINT: [libjvm.so+0xd1a260], sa_mask[0]=11111111011111111101111111111110, sa_flags=SA_RESTART|SA_SIGINFO
SIGTERM: [libjvm.so+0xd1a260], sa_mask[0]=11111111011111111101111111111110, sa_flags=SA_RESTART|SA_SIGINFO
SIGQUIT: [libjvm.so+0xd1a260], sa_mask[0]=11111111011111111101111111111110, sa_flags=SA_RESTART|SA_SIGINFO


---------------  S Y S T E M  ---------------

OS:DISTRIB_ID=Ubuntu
DISTRIB_RELEASE=20.04
DISTRIB_CODENAME=focal
DISTRIB_DESCRIPTION="Ubuntu 20.04.5 LTS"
uname:Linux 5.15.0-58-generic #64~20.04.1-Ubuntu SMP Fri Jan 6 16:42:31 UTC 2023 x86_64
OS uptime: 0 days 0:52 hours
libc:glibc 2.31 NPTL 2.31 
rlimit (soft/hard): STACK 8192k/infinity , CORE 0k/infinity , NPROC 13202/13202 , NOFILE 1048576/1048576 , AS infinity/infinity , CPU infinity/infinity , DATA infinity/infinity , FSIZE infinity/infinity , MEMLOCK 65536k/65536k
load average:2.31 1.59 1.69

/proc/meminfo:
MemTotal:        3460972 kB
MemFree:          106024 kB
MemAvailable:     933508 kB
Buffers:           53028 kB
Cached:          1838052 kB
SwapCached:        60712 kB
Active:           551208 kB
Inactive:        2481676 kB
Active(anon):     121756 kB
Inactive(anon):  1921652 kB
Active(file):     429452 kB
Inactive(file):   560024 kB
Unevictable:          32 kB
Mlocked:              32 kB
SwapTotal:       2097148 kB
SwapFree:        1492296 kB
Dirty:                60 kB
Writeback:             0 kB
AnonPages:       1111008 kB
Mapped:          1208876 kB
Shmem:            901616 kB
KReclaimable:      77380 kB
Slab:             176808 kB
SReclaimable:      77380 kB
SUnreclaim:        99428 kB
KernelStack:       12912 kB
PageTables:        30132 kB
NFS_Unstable:          0 kB
Bounce:                0 kB
WritebackTmp:          0 kB
CommitLimit:     3827632 kB
Committed_AS:    8243104 kB
VmallocTotal:   34359738367 kB
VmallocUsed:       55552 kB
VmallocChunk:          0 kB
Percpu:             4576 kB
HardwareCorrupted:     0 kB
AnonHugePages:         0 kB
ShmemHugePages:        0 kB
ShmemPmdMapped:        0 kB
FileHugePages:         0 kB
FilePmdMapped:         0 kB
HugePages_Total:       0
HugePages_Free:        0
HugePages_Rsvd:        0
HugePages_Surp:        0
Hugepagesize:       2048 kB
Hugetlb:               0 kB
DirectMap4k:      389888 kB
DirectMap2M:     3239936 kB
DirectMap1G:           0 kB

/sys/kernel/mm/transparent_hugepage/enabled:
always [madvise] never
/sys/kernel/mm/transparent_hugepage/defrag (defrag/compaction efforts parameter):
always defer defer+madvise [madvise] never

Process Memory:
Virtual Size: 5227776K (peak: 5227776K)
Resident Set Size: 260996K (peak: 260996K) (anon: 228468K, file: 32528K, shmem: 0K)
Swapped out: 0K
C-Heap outstanding allocations: 50545K

/proc/sys/kernel/threads-max (system-wide limit on the number of threads):
26404
/proc/sys/vm/max_map_count (maximum number of memory map areas a process may have):
65530
/proc/sys/kernel/pid_max (system-wide limit on number of process identifiers):
4194304

container (cgroup) information:
container_type: cgroupv1
cpu_cpuset_cpus: 0-3
cpu_memory_nodes: 0
active_processor_count: 4
cpu_quota: -1
cpu_period: 100000
cpu_shares: -1
memory_limit_in_bytes: -1
memory_and_swap_limit_in_bytes: -1
memory_soft_limit_in_bytes: -1
memory_usage_in_bytes: 2933198848
memory_max_usage_in_bytes: 3074424832

Steal ticks since vm start: 0
Steal ticks percentage since vm start:  0.000

CPU:total 4 (initial active 4) (4 cores per cpu, 1 threads per core) family 22 model 48 stepping 1 microcode 0x7030105, cmov, cx8, fxsr, mmx, sse, sse2, sse3, ssse3, sse4.1, sse4.2, popcnt, avx, aes, clmul, mmxext, 3dnowpref, lzcnt, sse4a, tsc, tscinvbit, tscinv, bmi1
CPU Model and flags from /proc/cpuinfo:
model name	: AMD A4-6210 APU with AMD Radeon R3 Graphics
flags		: fpu vme de pse tsc msr pae mce cx8 apic sep mtrr pge mca cmov pat pse36 clflush mmx fxsr sse sse2 ht syscall nx mmxext fxsr_opt pdpe1gb rdtscp lm constant_tsc rep_good acc_power nopl nonstop_tsc cpuid extd_apicid aperfmperf pni pclmulqdq monitor ssse3 cx16 sse4_1 sse4_2 movbe popcnt aes xsave avx f16c lahf_lm cmp_legacy svm extapic cr8_legacy abm sse4a misalignsse 3dnowprefetch osvw ibs skinit wdt topoext perfctr_nb bpext ptsc perfctr_llc hw_pstate ssbd vmmcall bmi1 xsaveopt arat npt lbrv svm_lock nrip_save tsc_scale flushbyasid decodeassists pausefilter pfthreshold overflow_recov
Online cpus:
0-3
Offline cpus:

BIOS frequency limitation:
1800000
Frequency switch latency (ns):
4000
Available cpu frequencies:
1800000 1650000 1500000 1350000 1200000 1000000 
Current governor:
ondemand
Core performance/turbo boost:
<Not Available>

Memory: 4k page, physical 3460972k(106024k free), swap 2097148k(1492296k free)

vm_info: OpenJDK 64-Bit Server VM (11.0.11+0-b60-7590822) for linux-amd64 JRE (11.0.11+0-b60-7590822), built on Jul 28 2021 14:39:41 by "androidbuild" with gcc Android (7284624, based on r416183b) Clang 12.0.5 (https://android.googlesource.com/toolchain/llvm-project c935d99d7cf2016289302412d708641d52d2f7ee)

END.
